Copyright 1986-2022 Xilinx, Inc. All Rights Reserved.
--------------------------------------------------------------------------------------------------------------------------------------------------------------------------------------
| Tool Version : Vivado v.2022.1 (win64) Build 3526262 Mon Apr 18 15:48:16 MDT 2022
| Date         : Tue Apr 11 19:50:17 2023
| Host         : WFXA4BB6DB8E837 running 64-bit major release  (build 9200)
| Command      : report_methodology -file alu_instrmem_top_methodology_drc_routed.rpt -pb alu_instrmem_top_methodology_drc_routed.pb -rpx alu_instrmem_top_methodology_drc_routed.rpx
| Design       : alu_instrmem_top
| Device       : xc7z020clg400-1
| Speed File   : -1
| Design State : Fully Routed
--------------------------------------------------------------------------------------------------------------------------------------------------------------------------------------

Report Methodology

Table of Contents
-----------------
1. REPORT SUMMARY
2. REPORT DETAILS

1. REPORT SUMMARY
-----------------
            Netlist: netlist
          Floorplan: design_1
      Design limits: <entire design considered>
             Max violations: <unlimited>
             Violations found: 440
+-----------+------------------+-------------------------------------------------+------------+
| Rule      | Severity         | Description                                     | Violations |
+-----------+------------------+-------------------------------------------------+------------+
| TIMING-17 | Critical Warning | Non-clocked sequential cell                     | 394        |
| LUTAR-1   | Warning          | LUT drives async reset alert                    | 4          |
| PDRC-190  | Warning          | Suboptimally placed synchronized register chain | 10         |
| TIMING-18 | Warning          | Missing input or output delay                   | 8          |
| TIMING-20 | Warning          | Non-clocked latch                               | 23         |
| LATCH-1   | Advisory         | Existing latches in the design                  | 1          |
+-----------+------------------+-------------------------------------------------+------------+

2. REPORT DETAILS
-----------------
TIMING-17#1 Critical Warning
Non-clocked sequential cell  
The clock pin data/U0/synth_options.dist_mem_inst/gen_sp_ram.spram_inst/ram_reg_0_255_0_0/RAMS64E_A/CLK is not reached by a timing clock
Related violations: <none>

TIMING-17#2 Critical Warning
Non-clocked sequential cell  
The clock pin data/U0/synth_options.dist_mem_inst/gen_sp_ram.spram_inst/ram_reg_0_255_0_0/RAMS64E_B/CLK is not reached by a timing clock
Related violations: <none>

TIMING-17#3 Critical Warning
Non-clocked sequential cell  
The clock pin data/U0/synth_options.dist_mem_inst/gen_sp_ram.spram_inst/ram_reg_0_255_0_0/RAMS64E_C/CLK is not reached by a timing clock
Related violations: <none>

TIMING-17#4 Critical Warning
Non-clocked sequential cell  
The clock pin data/U0/synth_options.dist_mem_inst/gen_sp_ram.spram_inst/ram_reg_0_255_0_0/RAMS64E_D/CLK is not reached by a timing clock
Related violations: <none>

TIMING-17#5 Critical Warning
Non-clocked sequential cell  
The clock pin data/U0/synth_options.dist_mem_inst/gen_sp_ram.spram_inst/ram_reg_0_255_10_10/RAMS64E_A/CLK is not reached by a timing clock
Related violations: <none>

TIMING-17#6 Critical Warning
Non-clocked sequential cell  
The clock pin data/U0/synth_options.dist_mem_inst/gen_sp_ram.spram_inst/ram_reg_0_255_10_10/RAMS64E_B/CLK is not reached by a timing clock
Related violations: <none>

TIMING-17#7 Critical Warning
Non-clocked sequential cell  
The clock pin data/U0/synth_options.dist_mem_inst/gen_sp_ram.spram_inst/ram_reg_0_255_10_10/RAMS64E_C/CLK is not reached by a timing clock
Related violations: <none>

TIMING-17#8 Critical Warning
Non-clocked sequential cell  
The clock pin data/U0/synth_options.dist_mem_inst/gen_sp_ram.spram_inst/ram_reg_0_255_10_10/RAMS64E_D/CLK is not reached by a timing clock
Related violations: <none>

TIMING-17#9 Critical Warning
Non-clocked sequential cell  
The clock pin data/U0/synth_options.dist_mem_inst/gen_sp_ram.spram_inst/ram_reg_0_255_11_11/RAMS64E_A/CLK is not reached by a timing clock
Related violations: <none>

TIMING-17#10 Critical Warning
Non-clocked sequential cell  
The clock pin data/U0/synth_options.dist_mem_inst/gen_sp_ram.spram_inst/ram_reg_0_255_11_11/RAMS64E_B/CLK is not reached by a timing clock
Related violations: <none>

TIMING-17#11 Critical Warning
Non-clocked sequential cell  
The clock pin data/U0/synth_options.dist_mem_inst/gen_sp_ram.spram_inst/ram_reg_0_255_11_11/RAMS64E_C/CLK is not reached by a timing clock
Related violations: <none>

TIMING-17#12 Critical Warning
Non-clocked sequential cell  
The clock pin data/U0/synth_options.dist_mem_inst/gen_sp_ram.spram_inst/ram_reg_0_255_11_11/RAMS64E_D/CLK is not reached by a timing clock
Related violations: <none>

TIMING-17#13 Critical Warning
Non-clocked sequential cell  
The clock pin data/U0/synth_options.dist_mem_inst/gen_sp_ram.spram_inst/ram_reg_0_255_12_12/RAMS64E_A/CLK is not reached by a timing clock
Related violations: <none>

TIMING-17#14 Critical Warning
Non-clocked sequential cell  
The clock pin data/U0/synth_options.dist_mem_inst/gen_sp_ram.spram_inst/ram_reg_0_255_12_12/RAMS64E_B/CLK is not reached by a timing clock
Related violations: <none>

TIMING-17#15 Critical Warning
Non-clocked sequential cell  
The clock pin data/U0/synth_options.dist_mem_inst/gen_sp_ram.spram_inst/ram_reg_0_255_12_12/RAMS64E_C/CLK is not reached by a timing clock
Related violations: <none>

TIMING-17#16 Critical Warning
Non-clocked sequential cell  
The clock pin data/U0/synth_options.dist_mem_inst/gen_sp_ram.spram_inst/ram_reg_0_255_12_12/RAMS64E_D/CLK is not reached by a timing clock
Related violations: <none>

TIMING-17#17 Critical Warning
Non-clocked sequential cell  
The clock pin data/U0/synth_options.dist_mem_inst/gen_sp_ram.spram_inst/ram_reg_0_255_13_13/RAMS64E_A/CLK is not reached by a timing clock
Related violations: <none>

TIMING-17#18 Critical Warning
Non-clocked sequential cell  
The clock pin data/U0/synth_options.dist_mem_inst/gen_sp_ram.spram_inst/ram_reg_0_255_13_13/RAMS64E_B/CLK is not reached by a timing clock
Related violations: <none>

TIMING-17#19 Critical Warning
Non-clocked sequential cell  
The clock pin data/U0/synth_options.dist_mem_inst/gen_sp_ram.spram_inst/ram_reg_0_255_13_13/RAMS64E_C/CLK is not reached by a timing clock
Related violations: <none>

TIMING-17#20 Critical Warning
Non-clocked sequential cell  
The clock pin data/U0/synth_options.dist_mem_inst/gen_sp_ram.spram_inst/ram_reg_0_255_13_13/RAMS64E_D/CLK is not reached by a timing clock
Related violations: <none>

TIMING-17#21 Critical Warning
Non-clocked sequential cell  
The clock pin data/U0/synth_options.dist_mem_inst/gen_sp_ram.spram_inst/ram_reg_0_255_14_14/RAMS64E_A/CLK is not reached by a timing clock
Related violations: <none>

TIMING-17#22 Critical Warning
Non-clocked sequential cell  
The clock pin data/U0/synth_options.dist_mem_inst/gen_sp_ram.spram_inst/ram_reg_0_255_14_14/RAMS64E_B/CLK is not reached by a timing clock
Related violations: <none>

TIMING-17#23 Critical Warning
Non-clocked sequential cell  
The clock pin data/U0/synth_options.dist_mem_inst/gen_sp_ram.spram_inst/ram_reg_0_255_14_14/RAMS64E_C/CLK is not reached by a timing clock
Related violations: <none>

TIMING-17#24 Critical Warning
Non-clocked sequential cell  
The clock pin data/U0/synth_options.dist_mem_inst/gen_sp_ram.spram_inst/ram_reg_0_255_14_14/RAMS64E_D/CLK is not reached by a timing clock
Related violations: <none>

TIMING-17#25 Critical Warning
Non-clocked sequential cell  
The clock pin data/U0/synth_options.dist_mem_inst/gen_sp_ram.spram_inst/ram_reg_0_255_15_15/RAMS64E_A/CLK is not reached by a timing clock
Related violations: <none>

TIMING-17#26 Critical Warning
Non-clocked sequential cell  
The clock pin data/U0/synth_options.dist_mem_inst/gen_sp_ram.spram_inst/ram_reg_0_255_15_15/RAMS64E_B/CLK is not reached by a timing clock
Related violations: <none>

TIMING-17#27 Critical Warning
Non-clocked sequential cell  
The clock pin data/U0/synth_options.dist_mem_inst/gen_sp_ram.spram_inst/ram_reg_0_255_15_15/RAMS64E_C/CLK is not reached by a timing clock
Related violations: <none>

TIMING-17#28 Critical Warning
Non-clocked sequential cell  
The clock pin data/U0/synth_options.dist_mem_inst/gen_sp_ram.spram_inst/ram_reg_0_255_15_15/RAMS64E_D/CLK is not reached by a timing clock
Related violations: <none>

TIMING-17#29 Critical Warning
Non-clocked sequential cell  
The clock pin data/U0/synth_options.dist_mem_inst/gen_sp_ram.spram_inst/ram_reg_0_255_1_1/RAMS64E_A/CLK is not reached by a timing clock
Related violations: <none>

TIMING-17#30 Critical Warning
Non-clocked sequential cell  
The clock pin data/U0/synth_options.dist_mem_inst/gen_sp_ram.spram_inst/ram_reg_0_255_1_1/RAMS64E_B/CLK is not reached by a timing clock
Related violations: <none>

TIMING-17#31 Critical Warning
Non-clocked sequential cell  
The clock pin data/U0/synth_options.dist_mem_inst/gen_sp_ram.spram_inst/ram_reg_0_255_1_1/RAMS64E_C/CLK is not reached by a timing clock
Related violations: <none>

TIMING-17#32 Critical Warning
Non-clocked sequential cell  
The clock pin data/U0/synth_options.dist_mem_inst/gen_sp_ram.spram_inst/ram_reg_0_255_1_1/RAMS64E_D/CLK is not reached by a timing clock
Related violations: <none>

TIMING-17#33 Critical Warning
Non-clocked sequential cell  
The clock pin data/U0/synth_options.dist_mem_inst/gen_sp_ram.spram_inst/ram_reg_0_255_2_2/RAMS64E_A/CLK is not reached by a timing clock
Related violations: <none>

TIMING-17#34 Critical Warning
Non-clocked sequential cell  
The clock pin data/U0/synth_options.dist_mem_inst/gen_sp_ram.spram_inst/ram_reg_0_255_2_2/RAMS64E_B/CLK is not reached by a timing clock
Related violations: <none>

TIMING-17#35 Critical Warning
Non-clocked sequential cell  
The clock pin data/U0/synth_options.dist_mem_inst/gen_sp_ram.spram_inst/ram_reg_0_255_2_2/RAMS64E_C/CLK is not reached by a timing clock
Related violations: <none>

TIMING-17#36 Critical Warning
Non-clocked sequential cell  
The clock pin data/U0/synth_options.dist_mem_inst/gen_sp_ram.spram_inst/ram_reg_0_255_2_2/RAMS64E_D/CLK is not reached by a timing clock
Related violations: <none>

TIMING-17#37 Critical Warning
Non-clocked sequential cell  
The clock pin data/U0/synth_options.dist_mem_inst/gen_sp_ram.spram_inst/ram_reg_0_255_3_3/RAMS64E_A/CLK is not reached by a timing clock
Related violations: <none>

TIMING-17#38 Critical Warning
Non-clocked sequential cell  
The clock pin data/U0/synth_options.dist_mem_inst/gen_sp_ram.spram_inst/ram_reg_0_255_3_3/RAMS64E_B/CLK is not reached by a timing clock
Related violations: <none>

TIMING-17#39 Critical Warning
Non-clocked sequential cell  
The clock pin data/U0/synth_options.dist_mem_inst/gen_sp_ram.spram_inst/ram_reg_0_255_3_3/RAMS64E_C/CLK is not reached by a timing clock
Related violations: <none>

TIMING-17#40 Critical Warning
Non-clocked sequential cell  
The clock pin data/U0/synth_options.dist_mem_inst/gen_sp_ram.spram_inst/ram_reg_0_255_3_3/RAMS64E_D/CLK is not reached by a timing clock
Related violations: <none>

TIMING-17#41 Critical Warning
Non-clocked sequential cell  
The clock pin data/U0/synth_options.dist_mem_inst/gen_sp_ram.spram_inst/ram_reg_0_255_4_4/RAMS64E_A/CLK is not reached by a timing clock
Related violations: <none>

TIMING-17#42 Critical Warning
Non-clocked sequential cell  
The clock pin data/U0/synth_options.dist_mem_inst/gen_sp_ram.spram_inst/ram_reg_0_255_4_4/RAMS64E_B/CLK is not reached by a timing clock
Related violations: <none>

TIMING-17#43 Critical Warning
Non-clocked sequential cell  
The clock pin data/U0/synth_options.dist_mem_inst/gen_sp_ram.spram_inst/ram_reg_0_255_4_4/RAMS64E_C/CLK is not reached by a timing clock
Related violations: <none>

TIMING-17#44 Critical Warning
Non-clocked sequential cell  
The clock pin data/U0/synth_options.dist_mem_inst/gen_sp_ram.spram_inst/ram_reg_0_255_4_4/RAMS64E_D/CLK is not reached by a timing clock
Related violations: <none>

TIMING-17#45 Critical Warning
Non-clocked sequential cell  
The clock pin data/U0/synth_options.dist_mem_inst/gen_sp_ram.spram_inst/ram_reg_0_255_5_5/RAMS64E_A/CLK is not reached by a timing clock
Related violations: <none>

TIMING-17#46 Critical Warning
Non-clocked sequential cell  
The clock pin data/U0/synth_options.dist_mem_inst/gen_sp_ram.spram_inst/ram_reg_0_255_5_5/RAMS64E_B/CLK is not reached by a timing clock
Related violations: <none>

TIMING-17#47 Critical Warning
Non-clocked sequential cell  
The clock pin data/U0/synth_options.dist_mem_inst/gen_sp_ram.spram_inst/ram_reg_0_255_5_5/RAMS64E_C/CLK is not reached by a timing clock
Related violations: <none>

TIMING-17#48 Critical Warning
Non-clocked sequential cell  
The clock pin data/U0/synth_options.dist_mem_inst/gen_sp_ram.spram_inst/ram_reg_0_255_5_5/RAMS64E_D/CLK is not reached by a timing clock
Related violations: <none>

TIMING-17#49 Critical Warning
Non-clocked sequential cell  
The clock pin data/U0/synth_options.dist_mem_inst/gen_sp_ram.spram_inst/ram_reg_0_255_6_6/RAMS64E_A/CLK is not reached by a timing clock
Related violations: <none>

TIMING-17#50 Critical Warning
Non-clocked sequential cell  
The clock pin data/U0/synth_options.dist_mem_inst/gen_sp_ram.spram_inst/ram_reg_0_255_6_6/RAMS64E_B/CLK is not reached by a timing clock
Related violations: <none>

TIMING-17#51 Critical Warning
Non-clocked sequential cell  
The clock pin data/U0/synth_options.dist_mem_inst/gen_sp_ram.spram_inst/ram_reg_0_255_6_6/RAMS64E_C/CLK is not reached by a timing clock
Related violations: <none>

TIMING-17#52 Critical Warning
Non-clocked sequential cell  
The clock pin data/U0/synth_options.dist_mem_inst/gen_sp_ram.spram_inst/ram_reg_0_255_6_6/RAMS64E_D/CLK is not reached by a timing clock
Related violations: <none>

TIMING-17#53 Critical Warning
Non-clocked sequential cell  
The clock pin data/U0/synth_options.dist_mem_inst/gen_sp_ram.spram_inst/ram_reg_0_255_7_7/RAMS64E_A/CLK is not reached by a timing clock
Related violations: <none>

TIMING-17#54 Critical Warning
Non-clocked sequential cell  
The clock pin data/U0/synth_options.dist_mem_inst/gen_sp_ram.spram_inst/ram_reg_0_255_7_7/RAMS64E_B/CLK is not reached by a timing clock
Related violations: <none>

TIMING-17#55 Critical Warning
Non-clocked sequential cell  
The clock pin data/U0/synth_options.dist_mem_inst/gen_sp_ram.spram_inst/ram_reg_0_255_7_7/RAMS64E_C/CLK is not reached by a timing clock
Related violations: <none>

TIMING-17#56 Critical Warning
Non-clocked sequential cell  
The clock pin data/U0/synth_options.dist_mem_inst/gen_sp_ram.spram_inst/ram_reg_0_255_7_7/RAMS64E_D/CLK is not reached by a timing clock
Related violations: <none>

TIMING-17#57 Critical Warning
Non-clocked sequential cell  
The clock pin data/U0/synth_options.dist_mem_inst/gen_sp_ram.spram_inst/ram_reg_0_255_8_8/RAMS64E_A/CLK is not reached by a timing clock
Related violations: <none>

TIMING-17#58 Critical Warning
Non-clocked sequential cell  
The clock pin data/U0/synth_options.dist_mem_inst/gen_sp_ram.spram_inst/ram_reg_0_255_8_8/RAMS64E_B/CLK is not reached by a timing clock
Related violations: <none>

TIMING-17#59 Critical Warning
Non-clocked sequential cell  
The clock pin data/U0/synth_options.dist_mem_inst/gen_sp_ram.spram_inst/ram_reg_0_255_8_8/RAMS64E_C/CLK is not reached by a timing clock
Related violations: <none>

TIMING-17#60 Critical Warning
Non-clocked sequential cell  
The clock pin data/U0/synth_options.dist_mem_inst/gen_sp_ram.spram_inst/ram_reg_0_255_8_8/RAMS64E_D/CLK is not reached by a timing clock
Related violations: <none>

TIMING-17#61 Critical Warning
Non-clocked sequential cell  
The clock pin data/U0/synth_options.dist_mem_inst/gen_sp_ram.spram_inst/ram_reg_0_255_9_9/RAMS64E_A/CLK is not reached by a timing clock
Related violations: <none>

TIMING-17#62 Critical Warning
Non-clocked sequential cell  
The clock pin data/U0/synth_options.dist_mem_inst/gen_sp_ram.spram_inst/ram_reg_0_255_9_9/RAMS64E_B/CLK is not reached by a timing clock
Related violations: <none>

TIMING-17#63 Critical Warning
Non-clocked sequential cell  
The clock pin data/U0/synth_options.dist_mem_inst/gen_sp_ram.spram_inst/ram_reg_0_255_9_9/RAMS64E_C/CLK is not reached by a timing clock
Related violations: <none>

TIMING-17#64 Critical Warning
Non-clocked sequential cell  
The clock pin data/U0/synth_options.dist_mem_inst/gen_sp_ram.spram_inst/ram_reg_0_255_9_9/RAMS64E_D/CLK is not reached by a timing clock
Related violations: <none>

TIMING-17#65 Critical Warning
Non-clocked sequential cell  
The clock pin data/U0/synth_options.dist_mem_inst/gen_sp_ram.spram_inst/ram_reg_256_511_0_0/RAMS64E_A/CLK is not reached by a timing clock
Related violations: <none>

TIMING-17#66 Critical Warning
Non-clocked sequential cell  
The clock pin data/U0/synth_options.dist_mem_inst/gen_sp_ram.spram_inst/ram_reg_256_511_0_0/RAMS64E_B/CLK is not reached by a timing clock
Related violations: <none>

TIMING-17#67 Critical Warning
Non-clocked sequential cell  
The clock pin data/U0/synth_options.dist_mem_inst/gen_sp_ram.spram_inst/ram_reg_256_511_0_0/RAMS64E_C/CLK is not reached by a timing clock
Related violations: <none>

TIMING-17#68 Critical Warning
Non-clocked sequential cell  
The clock pin data/U0/synth_options.dist_mem_inst/gen_sp_ram.spram_inst/ram_reg_256_511_0_0/RAMS64E_D/CLK is not reached by a timing clock
Related violations: <none>

TIMING-17#69 Critical Warning
Non-clocked sequential cell  
The clock pin data/U0/synth_options.dist_mem_inst/gen_sp_ram.spram_inst/ram_reg_256_511_10_10/RAMS64E_A/CLK is not reached by a timing clock
Related violations: <none>

TIMING-17#70 Critical Warning
Non-clocked sequential cell  
The clock pin data/U0/synth_options.dist_mem_inst/gen_sp_ram.spram_inst/ram_reg_256_511_10_10/RAMS64E_B/CLK is not reached by a timing clock
Related violations: <none>

TIMING-17#71 Critical Warning
Non-clocked sequential cell  
The clock pin data/U0/synth_options.dist_mem_inst/gen_sp_ram.spram_inst/ram_reg_256_511_10_10/RAMS64E_C/CLK is not reached by a timing clock
Related violations: <none>

TIMING-17#72 Critical Warning
Non-clocked sequential cell  
The clock pin data/U0/synth_options.dist_mem_inst/gen_sp_ram.spram_inst/ram_reg_256_511_10_10/RAMS64E_D/CLK is not reached by a timing clock
Related violations: <none>

TIMING-17#73 Critical Warning
Non-clocked sequential cell  
The clock pin data/U0/synth_options.dist_mem_inst/gen_sp_ram.spram_inst/ram_reg_256_511_11_11/RAMS64E_A/CLK is not reached by a timing clock
Related violations: <none>

TIMING-17#74 Critical Warning
Non-clocked sequential cell  
The clock pin data/U0/synth_options.dist_mem_inst/gen_sp_ram.spram_inst/ram_reg_256_511_11_11/RAMS64E_B/CLK is not reached by a timing clock
Related violations: <none>

TIMING-17#75 Critical Warning
Non-clocked sequential cell  
The clock pin data/U0/synth_options.dist_mem_inst/gen_sp_ram.spram_inst/ram_reg_256_511_11_11/RAMS64E_C/CLK is not reached by a timing clock
Related violations: <none>

TIMING-17#76 Critical Warning
Non-clocked sequential cell  
The clock pin data/U0/synth_options.dist_mem_inst/gen_sp_ram.spram_inst/ram_reg_256_511_11_11/RAMS64E_D/CLK is not reached by a timing clock
Related violations: <none>

TIMING-17#77 Critical Warning
Non-clocked sequential cell  
The clock pin data/U0/synth_options.dist_mem_inst/gen_sp_ram.spram_inst/ram_reg_256_511_12_12/RAMS64E_A/CLK is not reached by a timing clock
Related violations: <none>

TIMING-17#78 Critical Warning
Non-clocked sequential cell  
The clock pin data/U0/synth_options.dist_mem_inst/gen_sp_ram.spram_inst/ram_reg_256_511_12_12/RAMS64E_B/CLK is not reached by a timing clock
Related violations: <none>

TIMING-17#79 Critical Warning
Non-clocked sequential cell  
The clock pin data/U0/synth_options.dist_mem_inst/gen_sp_ram.spram_inst/ram_reg_256_511_12_12/RAMS64E_C/CLK is not reached by a timing clock
Related violations: <none>

TIMING-17#80 Critical Warning
Non-clocked sequential cell  
The clock pin data/U0/synth_options.dist_mem_inst/gen_sp_ram.spram_inst/ram_reg_256_511_12_12/RAMS64E_D/CLK is not reached by a timing clock
Related violations: <none>

TIMING-17#81 Critical Warning
Non-clocked sequential cell  
The clock pin data/U0/synth_options.dist_mem_inst/gen_sp_ram.spram_inst/ram_reg_256_511_13_13/RAMS64E_A/CLK is not reached by a timing clock
Related violations: <none>

TIMING-17#82 Critical Warning
Non-clocked sequential cell  
The clock pin data/U0/synth_options.dist_mem_inst/gen_sp_ram.spram_inst/ram_reg_256_511_13_13/RAMS64E_B/CLK is not reached by a timing clock
Related violations: <none>

TIMING-17#83 Critical Warning
Non-clocked sequential cell  
The clock pin data/U0/synth_options.dist_mem_inst/gen_sp_ram.spram_inst/ram_reg_256_511_13_13/RAMS64E_C/CLK is not reached by a timing clock
Related violations: <none>

TIMING-17#84 Critical Warning
Non-clocked sequential cell  
The clock pin data/U0/synth_options.dist_mem_inst/gen_sp_ram.spram_inst/ram_reg_256_511_13_13/RAMS64E_D/CLK is not reached by a timing clock
Related violations: <none>

TIMING-17#85 Critical Warning
Non-clocked sequential cell  
The clock pin data/U0/synth_options.dist_mem_inst/gen_sp_ram.spram_inst/ram_reg_256_511_14_14/RAMS64E_A/CLK is not reached by a timing clock
Related violations: <none>

TIMING-17#86 Critical Warning
Non-clocked sequential cell  
The clock pin data/U0/synth_options.dist_mem_inst/gen_sp_ram.spram_inst/ram_reg_256_511_14_14/RAMS64E_B/CLK is not reached by a timing clock
Related violations: <none>

TIMING-17#87 Critical Warning
Non-clocked sequential cell  
The clock pin data/U0/synth_options.dist_mem_inst/gen_sp_ram.spram_inst/ram_reg_256_511_14_14/RAMS64E_C/CLK is not reached by a timing clock
Related violations: <none>

TIMING-17#88 Critical Warning
Non-clocked sequential cell  
The clock pin data/U0/synth_options.dist_mem_inst/gen_sp_ram.spram_inst/ram_reg_256_511_14_14/RAMS64E_D/CLK is not reached by a timing clock
Related violations: <none>

TIMING-17#89 Critical Warning
Non-clocked sequential cell  
The clock pin data/U0/synth_options.dist_mem_inst/gen_sp_ram.spram_inst/ram_reg_256_511_15_15/RAMS64E_A/CLK is not reached by a timing clock
Related violations: <none>

TIMING-17#90 Critical Warning
Non-clocked sequential cell  
The clock pin data/U0/synth_options.dist_mem_inst/gen_sp_ram.spram_inst/ram_reg_256_511_15_15/RAMS64E_B/CLK is not reached by a timing clock
Related violations: <none>

TIMING-17#91 Critical Warning
Non-clocked sequential cell  
The clock pin data/U0/synth_options.dist_mem_inst/gen_sp_ram.spram_inst/ram_reg_256_511_15_15/RAMS64E_C/CLK is not reached by a timing clock
Related violations: <none>

TIMING-17#92 Critical Warning
Non-clocked sequential cell  
The clock pin data/U0/synth_options.dist_mem_inst/gen_sp_ram.spram_inst/ram_reg_256_511_15_15/RAMS64E_D/CLK is not reached by a timing clock
Related violations: <none>

TIMING-17#93 Critical Warning
Non-clocked sequential cell  
The clock pin data/U0/synth_options.dist_mem_inst/gen_sp_ram.spram_inst/ram_reg_256_511_1_1/RAMS64E_A/CLK is not reached by a timing clock
Related violations: <none>

TIMING-17#94 Critical Warning
Non-clocked sequential cell  
The clock pin data/U0/synth_options.dist_mem_inst/gen_sp_ram.spram_inst/ram_reg_256_511_1_1/RAMS64E_B/CLK is not reached by a timing clock
Related violations: <none>

TIMING-17#95 Critical Warning
Non-clocked sequential cell  
The clock pin data/U0/synth_options.dist_mem_inst/gen_sp_ram.spram_inst/ram_reg_256_511_1_1/RAMS64E_C/CLK is not reached by a timing clock
Related violations: <none>

TIMING-17#96 Critical Warning
Non-clocked sequential cell  
The clock pin data/U0/synth_options.dist_mem_inst/gen_sp_ram.spram_inst/ram_reg_256_511_1_1/RAMS64E_D/CLK is not reached by a timing clock
Related violations: <none>

TIMING-17#97 Critical Warning
Non-clocked sequential cell  
The clock pin data/U0/synth_options.dist_mem_inst/gen_sp_ram.spram_inst/ram_reg_256_511_2_2/RAMS64E_A/CLK is not reached by a timing clock
Related violations: <none>

TIMING-17#98 Critical Warning
Non-clocked sequential cell  
The clock pin data/U0/synth_options.dist_mem_inst/gen_sp_ram.spram_inst/ram_reg_256_511_2_2/RAMS64E_B/CLK is not reached by a timing clock
Related violations: <none>

TIMING-17#99 Critical Warning
Non-clocked sequential cell  
The clock pin data/U0/synth_options.dist_mem_inst/gen_sp_ram.spram_inst/ram_reg_256_511_2_2/RAMS64E_C/CLK is not reached by a timing clock
Related violations: <none>

TIMING-17#100 Critical Warning
Non-clocked sequential cell  
The clock pin data/U0/synth_options.dist_mem_inst/gen_sp_ram.spram_inst/ram_reg_256_511_2_2/RAMS64E_D/CLK is not reached by a timing clock
Related violations: <none>

TIMING-17#101 Critical Warning
Non-clocked sequential cell  
The clock pin data/U0/synth_options.dist_mem_inst/gen_sp_ram.spram_inst/ram_reg_256_511_3_3/RAMS64E_A/CLK is not reached by a timing clock
Related violations: <none>

TIMING-17#102 Critical Warning
Non-clocked sequential cell  
The clock pin data/U0/synth_options.dist_mem_inst/gen_sp_ram.spram_inst/ram_reg_256_511_3_3/RAMS64E_B/CLK is not reached by a timing clock
Related violations: <none>

TIMING-17#103 Critical Warning
Non-clocked sequential cell  
The clock pin data/U0/synth_options.dist_mem_inst/gen_sp_ram.spram_inst/ram_reg_256_511_3_3/RAMS64E_C/CLK is not reached by a timing clock
Related violations: <none>

TIMING-17#104 Critical Warning
Non-clocked sequential cell  
The clock pin data/U0/synth_options.dist_mem_inst/gen_sp_ram.spram_inst/ram_reg_256_511_3_3/RAMS64E_D/CLK is not reached by a timing clock
Related violations: <none>

TIMING-17#105 Critical Warning
Non-clocked sequential cell  
The clock pin data/U0/synth_options.dist_mem_inst/gen_sp_ram.spram_inst/ram_reg_256_511_4_4/RAMS64E_A/CLK is not reached by a timing clock
Related violations: <none>

TIMING-17#106 Critical Warning
Non-clocked sequential cell  
The clock pin data/U0/synth_options.dist_mem_inst/gen_sp_ram.spram_inst/ram_reg_256_511_4_4/RAMS64E_B/CLK is not reached by a timing clock
Related violations: <none>

TIMING-17#107 Critical Warning
Non-clocked sequential cell  
The clock pin data/U0/synth_options.dist_mem_inst/gen_sp_ram.spram_inst/ram_reg_256_511_4_4/RAMS64E_C/CLK is not reached by a timing clock
Related violations: <none>

TIMING-17#108 Critical Warning
Non-clocked sequential cell  
The clock pin data/U0/synth_options.dist_mem_inst/gen_sp_ram.spram_inst/ram_reg_256_511_4_4/RAMS64E_D/CLK is not reached by a timing clock
Related violations: <none>

TIMING-17#109 Critical Warning
Non-clocked sequential cell  
The clock pin data/U0/synth_options.dist_mem_inst/gen_sp_ram.spram_inst/ram_reg_256_511_5_5/RAMS64E_A/CLK is not reached by a timing clock
Related violations: <none>

TIMING-17#110 Critical Warning
Non-clocked sequential cell  
The clock pin data/U0/synth_options.dist_mem_inst/gen_sp_ram.spram_inst/ram_reg_256_511_5_5/RAMS64E_B/CLK is not reached by a timing clock
Related violations: <none>

TIMING-17#111 Critical Warning
Non-clocked sequential cell  
The clock pin data/U0/synth_options.dist_mem_inst/gen_sp_ram.spram_inst/ram_reg_256_511_5_5/RAMS64E_C/CLK is not reached by a timing clock
Related violations: <none>

TIMING-17#112 Critical Warning
Non-clocked sequential cell  
The clock pin data/U0/synth_options.dist_mem_inst/gen_sp_ram.spram_inst/ram_reg_256_511_5_5/RAMS64E_D/CLK is not reached by a timing clock
Related violations: <none>

TIMING-17#113 Critical Warning
Non-clocked sequential cell  
The clock pin data/U0/synth_options.dist_mem_inst/gen_sp_ram.spram_inst/ram_reg_256_511_6_6/RAMS64E_A/CLK is not reached by a timing clock
Related violations: <none>

TIMING-17#114 Critical Warning
Non-clocked sequential cell  
The clock pin data/U0/synth_options.dist_mem_inst/gen_sp_ram.spram_inst/ram_reg_256_511_6_6/RAMS64E_B/CLK is not reached by a timing clock
Related violations: <none>

TIMING-17#115 Critical Warning
Non-clocked sequential cell  
The clock pin data/U0/synth_options.dist_mem_inst/gen_sp_ram.spram_inst/ram_reg_256_511_6_6/RAMS64E_C/CLK is not reached by a timing clock
Related violations: <none>

TIMING-17#116 Critical Warning
Non-clocked sequential cell  
The clock pin data/U0/synth_options.dist_mem_inst/gen_sp_ram.spram_inst/ram_reg_256_511_6_6/RAMS64E_D/CLK is not reached by a timing clock
Related violations: <none>

TIMING-17#117 Critical Warning
Non-clocked sequential cell  
The clock pin data/U0/synth_options.dist_mem_inst/gen_sp_ram.spram_inst/ram_reg_256_511_7_7/RAMS64E_A/CLK is not reached by a timing clock
Related violations: <none>

TIMING-17#118 Critical Warning
Non-clocked sequential cell  
The clock pin data/U0/synth_options.dist_mem_inst/gen_sp_ram.spram_inst/ram_reg_256_511_7_7/RAMS64E_B/CLK is not reached by a timing clock
Related violations: <none>

TIMING-17#119 Critical Warning
Non-clocked sequential cell  
The clock pin data/U0/synth_options.dist_mem_inst/gen_sp_ram.spram_inst/ram_reg_256_511_7_7/RAMS64E_C/CLK is not reached by a timing clock
Related violations: <none>

TIMING-17#120 Critical Warning
Non-clocked sequential cell  
The clock pin data/U0/synth_options.dist_mem_inst/gen_sp_ram.spram_inst/ram_reg_256_511_7_7/RAMS64E_D/CLK is not reached by a timing clock
Related violations: <none>

TIMING-17#121 Critical Warning
Non-clocked sequential cell  
The clock pin data/U0/synth_options.dist_mem_inst/gen_sp_ram.spram_inst/ram_reg_256_511_8_8/RAMS64E_A/CLK is not reached by a timing clock
Related violations: <none>

TIMING-17#122 Critical Warning
Non-clocked sequential cell  
The clock pin data/U0/synth_options.dist_mem_inst/gen_sp_ram.spram_inst/ram_reg_256_511_8_8/RAMS64E_B/CLK is not reached by a timing clock
Related violations: <none>

TIMING-17#123 Critical Warning
Non-clocked sequential cell  
The clock pin data/U0/synth_options.dist_mem_inst/gen_sp_ram.spram_inst/ram_reg_256_511_8_8/RAMS64E_C/CLK is not reached by a timing clock
Related violations: <none>

TIMING-17#124 Critical Warning
Non-clocked sequential cell  
The clock pin data/U0/synth_options.dist_mem_inst/gen_sp_ram.spram_inst/ram_reg_256_511_8_8/RAMS64E_D/CLK is not reached by a timing clock
Related violations: <none>

TIMING-17#125 Critical Warning
Non-clocked sequential cell  
The clock pin data/U0/synth_options.dist_mem_inst/gen_sp_ram.spram_inst/ram_reg_256_511_9_9/RAMS64E_A/CLK is not reached by a timing clock
Related violations: <none>

TIMING-17#126 Critical Warning
Non-clocked sequential cell  
The clock pin data/U0/synth_options.dist_mem_inst/gen_sp_ram.spram_inst/ram_reg_256_511_9_9/RAMS64E_B/CLK is not reached by a timing clock
Related violations: <none>

TIMING-17#127 Critical Warning
Non-clocked sequential cell  
The clock pin data/U0/synth_options.dist_mem_inst/gen_sp_ram.spram_inst/ram_reg_256_511_9_9/RAMS64E_C/CLK is not reached by a timing clock
Related violations: <none>

TIMING-17#128 Critical Warning
Non-clocked sequential cell  
The clock pin data/U0/synth_options.dist_mem_inst/gen_sp_ram.spram_inst/ram_reg_256_511_9_9/RAMS64E_D/CLK is not reached by a timing clock
Related violations: <none>

TIMING-17#129 Critical Warning
Non-clocked sequential cell  
The clock pin data/U0/synth_options.dist_mem_inst/gen_sp_ram.spram_inst/ram_reg_512_767_0_0/RAMS64E_A/CLK is not reached by a timing clock
Related violations: <none>

TIMING-17#130 Critical Warning
Non-clocked sequential cell  
The clock pin data/U0/synth_options.dist_mem_inst/gen_sp_ram.spram_inst/ram_reg_512_767_0_0/RAMS64E_B/CLK is not reached by a timing clock
Related violations: <none>

TIMING-17#131 Critical Warning
Non-clocked sequential cell  
The clock pin data/U0/synth_options.dist_mem_inst/gen_sp_ram.spram_inst/ram_reg_512_767_0_0/RAMS64E_C/CLK is not reached by a timing clock
Related violations: <none>

TIMING-17#132 Critical Warning
Non-clocked sequential cell  
The clock pin data/U0/synth_options.dist_mem_inst/gen_sp_ram.spram_inst/ram_reg_512_767_0_0/RAMS64E_D/CLK is not reached by a timing clock
Related violations: <none>

TIMING-17#133 Critical Warning
Non-clocked sequential cell  
The clock pin data/U0/synth_options.dist_mem_inst/gen_sp_ram.spram_inst/ram_reg_512_767_10_10/RAMS64E_A/CLK is not reached by a timing clock
Related violations: <none>

TIMING-17#134 Critical Warning
Non-clocked sequential cell  
The clock pin data/U0/synth_options.dist_mem_inst/gen_sp_ram.spram_inst/ram_reg_512_767_10_10/RAMS64E_B/CLK is not reached by a timing clock
Related violations: <none>

TIMING-17#135 Critical Warning
Non-clocked sequential cell  
The clock pin data/U0/synth_options.dist_mem_inst/gen_sp_ram.spram_inst/ram_reg_512_767_10_10/RAMS64E_C/CLK is not reached by a timing clock
Related violations: <none>

TIMING-17#136 Critical Warning
Non-clocked sequential cell  
The clock pin data/U0/synth_options.dist_mem_inst/gen_sp_ram.spram_inst/ram_reg_512_767_10_10/RAMS64E_D/CLK is not reached by a timing clock
Related violations: <none>

TIMING-17#137 Critical Warning
Non-clocked sequential cell  
The clock pin data/U0/synth_options.dist_mem_inst/gen_sp_ram.spram_inst/ram_reg_512_767_11_11/RAMS64E_A/CLK is not reached by a timing clock
Related violations: <none>

TIMING-17#138 Critical Warning
Non-clocked sequential cell  
The clock pin data/U0/synth_options.dist_mem_inst/gen_sp_ram.spram_inst/ram_reg_512_767_11_11/RAMS64E_B/CLK is not reached by a timing clock
Related violations: <none>

TIMING-17#139 Critical Warning
Non-clocked sequential cell  
The clock pin data/U0/synth_options.dist_mem_inst/gen_sp_ram.spram_inst/ram_reg_512_767_11_11/RAMS64E_C/CLK is not reached by a timing clock
Related violations: <none>

TIMING-17#140 Critical Warning
Non-clocked sequential cell  
The clock pin data/U0/synth_options.dist_mem_inst/gen_sp_ram.spram_inst/ram_reg_512_767_11_11/RAMS64E_D/CLK is not reached by a timing clock
Related violations: <none>

TIMING-17#141 Critical Warning
Non-clocked sequential cell  
The clock pin data/U0/synth_options.dist_mem_inst/gen_sp_ram.spram_inst/ram_reg_512_767_12_12/RAMS64E_A/CLK is not reached by a timing clock
Related violations: <none>

TIMING-17#142 Critical Warning
Non-clocked sequential cell  
The clock pin data/U0/synth_options.dist_mem_inst/gen_sp_ram.spram_inst/ram_reg_512_767_12_12/RAMS64E_B/CLK is not reached by a timing clock
Related violations: <none>

TIMING-17#143 Critical Warning
Non-clocked sequential cell  
The clock pin data/U0/synth_options.dist_mem_inst/gen_sp_ram.spram_inst/ram_reg_512_767_12_12/RAMS64E_C/CLK is not reached by a timing clock
Related violations: <none>

TIMING-17#144 Critical Warning
Non-clocked sequential cell  
The clock pin data/U0/synth_options.dist_mem_inst/gen_sp_ram.spram_inst/ram_reg_512_767_12_12/RAMS64E_D/CLK is not reached by a timing clock
Related violations: <none>

TIMING-17#145 Critical Warning
Non-clocked sequential cell  
The clock pin data/U0/synth_options.dist_mem_inst/gen_sp_ram.spram_inst/ram_reg_512_767_13_13/RAMS64E_A/CLK is not reached by a timing clock
Related violations: <none>

TIMING-17#146 Critical Warning
Non-clocked sequential cell  
The clock pin data/U0/synth_options.dist_mem_inst/gen_sp_ram.spram_inst/ram_reg_512_767_13_13/RAMS64E_B/CLK is not reached by a timing clock
Related violations: <none>

TIMING-17#147 Critical Warning
Non-clocked sequential cell  
The clock pin data/U0/synth_options.dist_mem_inst/gen_sp_ram.spram_inst/ram_reg_512_767_13_13/RAMS64E_C/CLK is not reached by a timing clock
Related violations: <none>

TIMING-17#148 Critical Warning
Non-clocked sequential cell  
The clock pin data/U0/synth_options.dist_mem_inst/gen_sp_ram.spram_inst/ram_reg_512_767_13_13/RAMS64E_D/CLK is not reached by a timing clock
Related violations: <none>

TIMING-17#149 Critical Warning
Non-clocked sequential cell  
The clock pin data/U0/synth_options.dist_mem_inst/gen_sp_ram.spram_inst/ram_reg_512_767_14_14/RAMS64E_A/CLK is not reached by a timing clock
Related violations: <none>

TIMING-17#150 Critical Warning
Non-clocked sequential cell  
The clock pin data/U0/synth_options.dist_mem_inst/gen_sp_ram.spram_inst/ram_reg_512_767_14_14/RAMS64E_B/CLK is not reached by a timing clock
Related violations: <none>

TIMING-17#151 Critical Warning
Non-clocked sequential cell  
The clock pin data/U0/synth_options.dist_mem_inst/gen_sp_ram.spram_inst/ram_reg_512_767_14_14/RAMS64E_C/CLK is not reached by a timing clock
Related violations: <none>

TIMING-17#152 Critical Warning
Non-clocked sequential cell  
The clock pin data/U0/synth_options.dist_mem_inst/gen_sp_ram.spram_inst/ram_reg_512_767_14_14/RAMS64E_D/CLK is not reached by a timing clock
Related violations: <none>

TIMING-17#153 Critical Warning
Non-clocked sequential cell  
The clock pin data/U0/synth_options.dist_mem_inst/gen_sp_ram.spram_inst/ram_reg_512_767_15_15/RAMS64E_A/CLK is not reached by a timing clock
Related violations: <none>

TIMING-17#154 Critical Warning
Non-clocked sequential cell  
The clock pin data/U0/synth_options.dist_mem_inst/gen_sp_ram.spram_inst/ram_reg_512_767_15_15/RAMS64E_B/CLK is not reached by a timing clock
Related violations: <none>

TIMING-17#155 Critical Warning
Non-clocked sequential cell  
The clock pin data/U0/synth_options.dist_mem_inst/gen_sp_ram.spram_inst/ram_reg_512_767_15_15/RAMS64E_C/CLK is not reached by a timing clock
Related violations: <none>

TIMING-17#156 Critical Warning
Non-clocked sequential cell  
The clock pin data/U0/synth_options.dist_mem_inst/gen_sp_ram.spram_inst/ram_reg_512_767_15_15/RAMS64E_D/CLK is not reached by a timing clock
Related violations: <none>

TIMING-17#157 Critical Warning
Non-clocked sequential cell  
The clock pin data/U0/synth_options.dist_mem_inst/gen_sp_ram.spram_inst/ram_reg_512_767_1_1/RAMS64E_A/CLK is not reached by a timing clock
Related violations: <none>

TIMING-17#158 Critical Warning
Non-clocked sequential cell  
The clock pin data/U0/synth_options.dist_mem_inst/gen_sp_ram.spram_inst/ram_reg_512_767_1_1/RAMS64E_B/CLK is not reached by a timing clock
Related violations: <none>

TIMING-17#159 Critical Warning
Non-clocked sequential cell  
The clock pin data/U0/synth_options.dist_mem_inst/gen_sp_ram.spram_inst/ram_reg_512_767_1_1/RAMS64E_C/CLK is not reached by a timing clock
Related violations: <none>

TIMING-17#160 Critical Warning
Non-clocked sequential cell  
The clock pin data/U0/synth_options.dist_mem_inst/gen_sp_ram.spram_inst/ram_reg_512_767_1_1/RAMS64E_D/CLK is not reached by a timing clock
Related violations: <none>

TIMING-17#161 Critical Warning
Non-clocked sequential cell  
The clock pin data/U0/synth_options.dist_mem_inst/gen_sp_ram.spram_inst/ram_reg_512_767_2_2/RAMS64E_A/CLK is not reached by a timing clock
Related violations: <none>

TIMING-17#162 Critical Warning
Non-clocked sequential cell  
The clock pin data/U0/synth_options.dist_mem_inst/gen_sp_ram.spram_inst/ram_reg_512_767_2_2/RAMS64E_B/CLK is not reached by a timing clock
Related violations: <none>

TIMING-17#163 Critical Warning
Non-clocked sequential cell  
The clock pin data/U0/synth_options.dist_mem_inst/gen_sp_ram.spram_inst/ram_reg_512_767_2_2/RAMS64E_C/CLK is not reached by a timing clock
Related violations: <none>

TIMING-17#164 Critical Warning
Non-clocked sequential cell  
The clock pin data/U0/synth_options.dist_mem_inst/gen_sp_ram.spram_inst/ram_reg_512_767_2_2/RAMS64E_D/CLK is not reached by a timing clock
Related violations: <none>

TIMING-17#165 Critical Warning
Non-clocked sequential cell  
The clock pin data/U0/synth_options.dist_mem_inst/gen_sp_ram.spram_inst/ram_reg_512_767_3_3/RAMS64E_A/CLK is not reached by a timing clock
Related violations: <none>

TIMING-17#166 Critical Warning
Non-clocked sequential cell  
The clock pin data/U0/synth_options.dist_mem_inst/gen_sp_ram.spram_inst/ram_reg_512_767_3_3/RAMS64E_B/CLK is not reached by a timing clock
Related violations: <none>

TIMING-17#167 Critical Warning
Non-clocked sequential cell  
The clock pin data/U0/synth_options.dist_mem_inst/gen_sp_ram.spram_inst/ram_reg_512_767_3_3/RAMS64E_C/CLK is not reached by a timing clock
Related violations: <none>

TIMING-17#168 Critical Warning
Non-clocked sequential cell  
The clock pin data/U0/synth_options.dist_mem_inst/gen_sp_ram.spram_inst/ram_reg_512_767_3_3/RAMS64E_D/CLK is not reached by a timing clock
Related violations: <none>

TIMING-17#169 Critical Warning
Non-clocked sequential cell  
The clock pin data/U0/synth_options.dist_mem_inst/gen_sp_ram.spram_inst/ram_reg_512_767_4_4/RAMS64E_A/CLK is not reached by a timing clock
Related violations: <none>

TIMING-17#170 Critical Warning
Non-clocked sequential cell  
The clock pin data/U0/synth_options.dist_mem_inst/gen_sp_ram.spram_inst/ram_reg_512_767_4_4/RAMS64E_B/CLK is not reached by a timing clock
Related violations: <none>

TIMING-17#171 Critical Warning
Non-clocked sequential cell  
The clock pin data/U0/synth_options.dist_mem_inst/gen_sp_ram.spram_inst/ram_reg_512_767_4_4/RAMS64E_C/CLK is not reached by a timing clock
Related violations: <none>

TIMING-17#172 Critical Warning
Non-clocked sequential cell  
The clock pin data/U0/synth_options.dist_mem_inst/gen_sp_ram.spram_inst/ram_reg_512_767_4_4/RAMS64E_D/CLK is not reached by a timing clock
Related violations: <none>

TIMING-17#173 Critical Warning
Non-clocked sequential cell  
The clock pin data/U0/synth_options.dist_mem_inst/gen_sp_ram.spram_inst/ram_reg_512_767_5_5/RAMS64E_A/CLK is not reached by a timing clock
Related violations: <none>

TIMING-17#174 Critical Warning
Non-clocked sequential cell  
The clock pin data/U0/synth_options.dist_mem_inst/gen_sp_ram.spram_inst/ram_reg_512_767_5_5/RAMS64E_B/CLK is not reached by a timing clock
Related violations: <none>

TIMING-17#175 Critical Warning
Non-clocked sequential cell  
The clock pin data/U0/synth_options.dist_mem_inst/gen_sp_ram.spram_inst/ram_reg_512_767_5_5/RAMS64E_C/CLK is not reached by a timing clock
Related violations: <none>

TIMING-17#176 Critical Warning
Non-clocked sequential cell  
The clock pin data/U0/synth_options.dist_mem_inst/gen_sp_ram.spram_inst/ram_reg_512_767_5_5/RAMS64E_D/CLK is not reached by a timing clock
Related violations: <none>

TIMING-17#177 Critical Warning
Non-clocked sequential cell  
The clock pin data/U0/synth_options.dist_mem_inst/gen_sp_ram.spram_inst/ram_reg_512_767_6_6/RAMS64E_A/CLK is not reached by a timing clock
Related violations: <none>

TIMING-17#178 Critical Warning
Non-clocked sequential cell  
The clock pin data/U0/synth_options.dist_mem_inst/gen_sp_ram.spram_inst/ram_reg_512_767_6_6/RAMS64E_B/CLK is not reached by a timing clock
Related violations: <none>

TIMING-17#179 Critical Warning
Non-clocked sequential cell  
The clock pin data/U0/synth_options.dist_mem_inst/gen_sp_ram.spram_inst/ram_reg_512_767_6_6/RAMS64E_C/CLK is not reached by a timing clock
Related violations: <none>

TIMING-17#180 Critical Warning
Non-clocked sequential cell  
The clock pin data/U0/synth_options.dist_mem_inst/gen_sp_ram.spram_inst/ram_reg_512_767_6_6/RAMS64E_D/CLK is not reached by a timing clock
Related violations: <none>

TIMING-17#181 Critical Warning
Non-clocked sequential cell  
The clock pin data/U0/synth_options.dist_mem_inst/gen_sp_ram.spram_inst/ram_reg_512_767_7_7/RAMS64E_A/CLK is not reached by a timing clock
Related violations: <none>

TIMING-17#182 Critical Warning
Non-clocked sequential cell  
The clock pin data/U0/synth_options.dist_mem_inst/gen_sp_ram.spram_inst/ram_reg_512_767_7_7/RAMS64E_B/CLK is not reached by a timing clock
Related violations: <none>

TIMING-17#183 Critical Warning
Non-clocked sequential cell  
The clock pin data/U0/synth_options.dist_mem_inst/gen_sp_ram.spram_inst/ram_reg_512_767_7_7/RAMS64E_C/CLK is not reached by a timing clock
Related violations: <none>

TIMING-17#184 Critical Warning
Non-clocked sequential cell  
The clock pin data/U0/synth_options.dist_mem_inst/gen_sp_ram.spram_inst/ram_reg_512_767_7_7/RAMS64E_D/CLK is not reached by a timing clock
Related violations: <none>

TIMING-17#185 Critical Warning
Non-clocked sequential cell  
The clock pin data/U0/synth_options.dist_mem_inst/gen_sp_ram.spram_inst/ram_reg_512_767_8_8/RAMS64E_A/CLK is not reached by a timing clock
Related violations: <none>

TIMING-17#186 Critical Warning
Non-clocked sequential cell  
The clock pin data/U0/synth_options.dist_mem_inst/gen_sp_ram.spram_inst/ram_reg_512_767_8_8/RAMS64E_B/CLK is not reached by a timing clock
Related violations: <none>

TIMING-17#187 Critical Warning
Non-clocked sequential cell  
The clock pin data/U0/synth_options.dist_mem_inst/gen_sp_ram.spram_inst/ram_reg_512_767_8_8/RAMS64E_C/CLK is not reached by a timing clock
Related violations: <none>

TIMING-17#188 Critical Warning
Non-clocked sequential cell  
The clock pin data/U0/synth_options.dist_mem_inst/gen_sp_ram.spram_inst/ram_reg_512_767_8_8/RAMS64E_D/CLK is not reached by a timing clock
Related violations: <none>

TIMING-17#189 Critical Warning
Non-clocked sequential cell  
The clock pin data/U0/synth_options.dist_mem_inst/gen_sp_ram.spram_inst/ram_reg_512_767_9_9/RAMS64E_A/CLK is not reached by a timing clock
Related violations: <none>

TIMING-17#190 Critical Warning
Non-clocked sequential cell  
The clock pin data/U0/synth_options.dist_mem_inst/gen_sp_ram.spram_inst/ram_reg_512_767_9_9/RAMS64E_B/CLK is not reached by a timing clock
Related violations: <none>

TIMING-17#191 Critical Warning
Non-clocked sequential cell  
The clock pin data/U0/synth_options.dist_mem_inst/gen_sp_ram.spram_inst/ram_reg_512_767_9_9/RAMS64E_C/CLK is not reached by a timing clock
Related violations: <none>

TIMING-17#192 Critical Warning
Non-clocked sequential cell  
The clock pin data/U0/synth_options.dist_mem_inst/gen_sp_ram.spram_inst/ram_reg_512_767_9_9/RAMS64E_D/CLK is not reached by a timing clock
Related violations: <none>

TIMING-17#193 Critical Warning
Non-clocked sequential cell  
The clock pin data/U0/synth_options.dist_mem_inst/gen_sp_ram.spram_inst/ram_reg_768_1023_0_0/RAMS64E_A/CLK is not reached by a timing clock
Related violations: <none>

TIMING-17#194 Critical Warning
Non-clocked sequential cell  
The clock pin data/U0/synth_options.dist_mem_inst/gen_sp_ram.spram_inst/ram_reg_768_1023_0_0/RAMS64E_B/CLK is not reached by a timing clock
Related violations: <none>

TIMING-17#195 Critical Warning
Non-clocked sequential cell  
The clock pin data/U0/synth_options.dist_mem_inst/gen_sp_ram.spram_inst/ram_reg_768_1023_0_0/RAMS64E_C/CLK is not reached by a timing clock
Related violations: <none>

TIMING-17#196 Critical Warning
Non-clocked sequential cell  
The clock pin data/U0/synth_options.dist_mem_inst/gen_sp_ram.spram_inst/ram_reg_768_1023_0_0/RAMS64E_D/CLK is not reached by a timing clock
Related violations: <none>

TIMING-17#197 Critical Warning
Non-clocked sequential cell  
The clock pin data/U0/synth_options.dist_mem_inst/gen_sp_ram.spram_inst/ram_reg_768_1023_10_10/RAMS64E_A/CLK is not reached by a timing clock
Related violations: <none>

TIMING-17#198 Critical Warning
Non-clocked sequential cell  
The clock pin data/U0/synth_options.dist_mem_inst/gen_sp_ram.spram_inst/ram_reg_768_1023_10_10/RAMS64E_B/CLK is not reached by a timing clock
Related violations: <none>

TIMING-17#199 Critical Warning
Non-clocked sequential cell  
The clock pin data/U0/synth_options.dist_mem_inst/gen_sp_ram.spram_inst/ram_reg_768_1023_10_10/RAMS64E_C/CLK is not reached by a timing clock
Related violations: <none>

TIMING-17#200 Critical Warning
Non-clocked sequential cell  
The clock pin data/U0/synth_options.dist_mem_inst/gen_sp_ram.spram_inst/ram_reg_768_1023_10_10/RAMS64E_D/CLK is not reached by a timing clock
Related violations: <none>

TIMING-17#201 Critical Warning
Non-clocked sequential cell  
The clock pin data/U0/synth_options.dist_mem_inst/gen_sp_ram.spram_inst/ram_reg_768_1023_11_11/RAMS64E_A/CLK is not reached by a timing clock
Related violations: <none>

TIMING-17#202 Critical Warning
Non-clocked sequential cell  
The clock pin data/U0/synth_options.dist_mem_inst/gen_sp_ram.spram_inst/ram_reg_768_1023_11_11/RAMS64E_B/CLK is not reached by a timing clock
Related violations: <none>

TIMING-17#203 Critical Warning
Non-clocked sequential cell  
The clock pin data/U0/synth_options.dist_mem_inst/gen_sp_ram.spram_inst/ram_reg_768_1023_11_11/RAMS64E_C/CLK is not reached by a timing clock
Related violations: <none>

TIMING-17#204 Critical Warning
Non-clocked sequential cell  
The clock pin data/U0/synth_options.dist_mem_inst/gen_sp_ram.spram_inst/ram_reg_768_1023_11_11/RAMS64E_D/CLK is not reached by a timing clock
Related violations: <none>

TIMING-17#205 Critical Warning
Non-clocked sequential cell  
The clock pin data/U0/synth_options.dist_mem_inst/gen_sp_ram.spram_inst/ram_reg_768_1023_12_12/RAMS64E_A/CLK is not reached by a timing clock
Related violations: <none>

TIMING-17#206 Critical Warning
Non-clocked sequential cell  
The clock pin data/U0/synth_options.dist_mem_inst/gen_sp_ram.spram_inst/ram_reg_768_1023_12_12/RAMS64E_B/CLK is not reached by a timing clock
Related violations: <none>

TIMING-17#207 Critical Warning
Non-clocked sequential cell  
The clock pin data/U0/synth_options.dist_mem_inst/gen_sp_ram.spram_inst/ram_reg_768_1023_12_12/RAMS64E_C/CLK is not reached by a timing clock
Related violations: <none>

TIMING-17#208 Critical Warning
Non-clocked sequential cell  
The clock pin data/U0/synth_options.dist_mem_inst/gen_sp_ram.spram_inst/ram_reg_768_1023_12_12/RAMS64E_D/CLK is not reached by a timing clock
Related violations: <none>

TIMING-17#209 Critical Warning
Non-clocked sequential cell  
The clock pin data/U0/synth_options.dist_mem_inst/gen_sp_ram.spram_inst/ram_reg_768_1023_13_13/RAMS64E_A/CLK is not reached by a timing clock
Related violations: <none>

TIMING-17#210 Critical Warning
Non-clocked sequential cell  
The clock pin data/U0/synth_options.dist_mem_inst/gen_sp_ram.spram_inst/ram_reg_768_1023_13_13/RAMS64E_B/CLK is not reached by a timing clock
Related violations: <none>

TIMING-17#211 Critical Warning
Non-clocked sequential cell  
The clock pin data/U0/synth_options.dist_mem_inst/gen_sp_ram.spram_inst/ram_reg_768_1023_13_13/RAMS64E_C/CLK is not reached by a timing clock
Related violations: <none>

TIMING-17#212 Critical Warning
Non-clocked sequential cell  
The clock pin data/U0/synth_options.dist_mem_inst/gen_sp_ram.spram_inst/ram_reg_768_1023_13_13/RAMS64E_D/CLK is not reached by a timing clock
Related violations: <none>

TIMING-17#213 Critical Warning
Non-clocked sequential cell  
The clock pin data/U0/synth_options.dist_mem_inst/gen_sp_ram.spram_inst/ram_reg_768_1023_14_14/RAMS64E_A/CLK is not reached by a timing clock
Related violations: <none>

TIMING-17#214 Critical Warning
Non-clocked sequential cell  
The clock pin data/U0/synth_options.dist_mem_inst/gen_sp_ram.spram_inst/ram_reg_768_1023_14_14/RAMS64E_B/CLK is not reached by a timing clock
Related violations: <none>

TIMING-17#215 Critical Warning
Non-clocked sequential cell  
The clock pin data/U0/synth_options.dist_mem_inst/gen_sp_ram.spram_inst/ram_reg_768_1023_14_14/RAMS64E_C/CLK is not reached by a timing clock
Related violations: <none>

TIMING-17#216 Critical Warning
Non-clocked sequential cell  
The clock pin data/U0/synth_options.dist_mem_inst/gen_sp_ram.spram_inst/ram_reg_768_1023_14_14/RAMS64E_D/CLK is not reached by a timing clock
Related violations: <none>

TIMING-17#217 Critical Warning
Non-clocked sequential cell  
The clock pin data/U0/synth_options.dist_mem_inst/gen_sp_ram.spram_inst/ram_reg_768_1023_15_15/RAMS64E_A/CLK is not reached by a timing clock
Related violations: <none>

TIMING-17#218 Critical Warning
Non-clocked sequential cell  
The clock pin data/U0/synth_options.dist_mem_inst/gen_sp_ram.spram_inst/ram_reg_768_1023_15_15/RAMS64E_B/CLK is not reached by a timing clock
Related violations: <none>

TIMING-17#219 Critical Warning
Non-clocked sequential cell  
The clock pin data/U0/synth_options.dist_mem_inst/gen_sp_ram.spram_inst/ram_reg_768_1023_15_15/RAMS64E_C/CLK is not reached by a timing clock
Related violations: <none>

TIMING-17#220 Critical Warning
Non-clocked sequential cell  
The clock pin data/U0/synth_options.dist_mem_inst/gen_sp_ram.spram_inst/ram_reg_768_1023_15_15/RAMS64E_D/CLK is not reached by a timing clock
Related violations: <none>

TIMING-17#221 Critical Warning
Non-clocked sequential cell  
The clock pin data/U0/synth_options.dist_mem_inst/gen_sp_ram.spram_inst/ram_reg_768_1023_1_1/RAMS64E_A/CLK is not reached by a timing clock
Related violations: <none>

TIMING-17#222 Critical Warning
Non-clocked sequential cell  
The clock pin data/U0/synth_options.dist_mem_inst/gen_sp_ram.spram_inst/ram_reg_768_1023_1_1/RAMS64E_B/CLK is not reached by a timing clock
Related violations: <none>

TIMING-17#223 Critical Warning
Non-clocked sequential cell  
The clock pin data/U0/synth_options.dist_mem_inst/gen_sp_ram.spram_inst/ram_reg_768_1023_1_1/RAMS64E_C/CLK is not reached by a timing clock
Related violations: <none>

TIMING-17#224 Critical Warning
Non-clocked sequential cell  
The clock pin data/U0/synth_options.dist_mem_inst/gen_sp_ram.spram_inst/ram_reg_768_1023_1_1/RAMS64E_D/CLK is not reached by a timing clock
Related violations: <none>

TIMING-17#225 Critical Warning
Non-clocked sequential cell  
The clock pin data/U0/synth_options.dist_mem_inst/gen_sp_ram.spram_inst/ram_reg_768_1023_2_2/RAMS64E_A/CLK is not reached by a timing clock
Related violations: <none>

TIMING-17#226 Critical Warning
Non-clocked sequential cell  
The clock pin data/U0/synth_options.dist_mem_inst/gen_sp_ram.spram_inst/ram_reg_768_1023_2_2/RAMS64E_B/CLK is not reached by a timing clock
Related violations: <none>

TIMING-17#227 Critical Warning
Non-clocked sequential cell  
The clock pin data/U0/synth_options.dist_mem_inst/gen_sp_ram.spram_inst/ram_reg_768_1023_2_2/RAMS64E_C/CLK is not reached by a timing clock
Related violations: <none>

TIMING-17#228 Critical Warning
Non-clocked sequential cell  
The clock pin data/U0/synth_options.dist_mem_inst/gen_sp_ram.spram_inst/ram_reg_768_1023_2_2/RAMS64E_D/CLK is not reached by a timing clock
Related violations: <none>

TIMING-17#229 Critical Warning
Non-clocked sequential cell  
The clock pin data/U0/synth_options.dist_mem_inst/gen_sp_ram.spram_inst/ram_reg_768_1023_3_3/RAMS64E_A/CLK is not reached by a timing clock
Related violations: <none>

TIMING-17#230 Critical Warning
Non-clocked sequential cell  
The clock pin data/U0/synth_options.dist_mem_inst/gen_sp_ram.spram_inst/ram_reg_768_1023_3_3/RAMS64E_B/CLK is not reached by a timing clock
Related violations: <none>

TIMING-17#231 Critical Warning
Non-clocked sequential cell  
The clock pin data/U0/synth_options.dist_mem_inst/gen_sp_ram.spram_inst/ram_reg_768_1023_3_3/RAMS64E_C/CLK is not reached by a timing clock
Related violations: <none>

TIMING-17#232 Critical Warning
Non-clocked sequential cell  
The clock pin data/U0/synth_options.dist_mem_inst/gen_sp_ram.spram_inst/ram_reg_768_1023_3_3/RAMS64E_D/CLK is not reached by a timing clock
Related violations: <none>

TIMING-17#233 Critical Warning
Non-clocked sequential cell  
The clock pin data/U0/synth_options.dist_mem_inst/gen_sp_ram.spram_inst/ram_reg_768_1023_4_4/RAMS64E_A/CLK is not reached by a timing clock
Related violations: <none>

TIMING-17#234 Critical Warning
Non-clocked sequential cell  
The clock pin data/U0/synth_options.dist_mem_inst/gen_sp_ram.spram_inst/ram_reg_768_1023_4_4/RAMS64E_B/CLK is not reached by a timing clock
Related violations: <none>

TIMING-17#235 Critical Warning
Non-clocked sequential cell  
The clock pin data/U0/synth_options.dist_mem_inst/gen_sp_ram.spram_inst/ram_reg_768_1023_4_4/RAMS64E_C/CLK is not reached by a timing clock
Related violations: <none>

TIMING-17#236 Critical Warning
Non-clocked sequential cell  
The clock pin data/U0/synth_options.dist_mem_inst/gen_sp_ram.spram_inst/ram_reg_768_1023_4_4/RAMS64E_D/CLK is not reached by a timing clock
Related violations: <none>

TIMING-17#237 Critical Warning
Non-clocked sequential cell  
The clock pin data/U0/synth_options.dist_mem_inst/gen_sp_ram.spram_inst/ram_reg_768_1023_5_5/RAMS64E_A/CLK is not reached by a timing clock
Related violations: <none>

TIMING-17#238 Critical Warning
Non-clocked sequential cell  
The clock pin data/U0/synth_options.dist_mem_inst/gen_sp_ram.spram_inst/ram_reg_768_1023_5_5/RAMS64E_B/CLK is not reached by a timing clock
Related violations: <none>

TIMING-17#239 Critical Warning
Non-clocked sequential cell  
The clock pin data/U0/synth_options.dist_mem_inst/gen_sp_ram.spram_inst/ram_reg_768_1023_5_5/RAMS64E_C/CLK is not reached by a timing clock
Related violations: <none>

TIMING-17#240 Critical Warning
Non-clocked sequential cell  
The clock pin data/U0/synth_options.dist_mem_inst/gen_sp_ram.spram_inst/ram_reg_768_1023_5_5/RAMS64E_D/CLK is not reached by a timing clock
Related violations: <none>

TIMING-17#241 Critical Warning
Non-clocked sequential cell  
The clock pin data/U0/synth_options.dist_mem_inst/gen_sp_ram.spram_inst/ram_reg_768_1023_6_6/RAMS64E_A/CLK is not reached by a timing clock
Related violations: <none>

TIMING-17#242 Critical Warning
Non-clocked sequential cell  
The clock pin data/U0/synth_options.dist_mem_inst/gen_sp_ram.spram_inst/ram_reg_768_1023_6_6/RAMS64E_B/CLK is not reached by a timing clock
Related violations: <none>

TIMING-17#243 Critical Warning
Non-clocked sequential cell  
The clock pin data/U0/synth_options.dist_mem_inst/gen_sp_ram.spram_inst/ram_reg_768_1023_6_6/RAMS64E_C/CLK is not reached by a timing clock
Related violations: <none>

TIMING-17#244 Critical Warning
Non-clocked sequential cell  
The clock pin data/U0/synth_options.dist_mem_inst/gen_sp_ram.spram_inst/ram_reg_768_1023_6_6/RAMS64E_D/CLK is not reached by a timing clock
Related violations: <none>

TIMING-17#245 Critical Warning
Non-clocked sequential cell  
The clock pin data/U0/synth_options.dist_mem_inst/gen_sp_ram.spram_inst/ram_reg_768_1023_7_7/RAMS64E_A/CLK is not reached by a timing clock
Related violations: <none>

TIMING-17#246 Critical Warning
Non-clocked sequential cell  
The clock pin data/U0/synth_options.dist_mem_inst/gen_sp_ram.spram_inst/ram_reg_768_1023_7_7/RAMS64E_B/CLK is not reached by a timing clock
Related violations: <none>

TIMING-17#247 Critical Warning
Non-clocked sequential cell  
The clock pin data/U0/synth_options.dist_mem_inst/gen_sp_ram.spram_inst/ram_reg_768_1023_7_7/RAMS64E_C/CLK is not reached by a timing clock
Related violations: <none>

TIMING-17#248 Critical Warning
Non-clocked sequential cell  
The clock pin data/U0/synth_options.dist_mem_inst/gen_sp_ram.spram_inst/ram_reg_768_1023_7_7/RAMS64E_D/CLK is not reached by a timing clock
Related violations: <none>

TIMING-17#249 Critical Warning
Non-clocked sequential cell  
The clock pin data/U0/synth_options.dist_mem_inst/gen_sp_ram.spram_inst/ram_reg_768_1023_8_8/RAMS64E_A/CLK is not reached by a timing clock
Related violations: <none>

TIMING-17#250 Critical Warning
Non-clocked sequential cell  
The clock pin data/U0/synth_options.dist_mem_inst/gen_sp_ram.spram_inst/ram_reg_768_1023_8_8/RAMS64E_B/CLK is not reached by a timing clock
Related violations: <none>

TIMING-17#251 Critical Warning
Non-clocked sequential cell  
The clock pin data/U0/synth_options.dist_mem_inst/gen_sp_ram.spram_inst/ram_reg_768_1023_8_8/RAMS64E_C/CLK is not reached by a timing clock
Related violations: <none>

TIMING-17#252 Critical Warning
Non-clocked sequential cell  
The clock pin data/U0/synth_options.dist_mem_inst/gen_sp_ram.spram_inst/ram_reg_768_1023_8_8/RAMS64E_D/CLK is not reached by a timing clock
Related violations: <none>

TIMING-17#253 Critical Warning
Non-clocked sequential cell  
The clock pin data/U0/synth_options.dist_mem_inst/gen_sp_ram.spram_inst/ram_reg_768_1023_9_9/RAMS64E_A/CLK is not reached by a timing clock
Related violations: <none>

TIMING-17#254 Critical Warning
Non-clocked sequential cell  
The clock pin data/U0/synth_options.dist_mem_inst/gen_sp_ram.spram_inst/ram_reg_768_1023_9_9/RAMS64E_B/CLK is not reached by a timing clock
Related violations: <none>

TIMING-17#255 Critical Warning
Non-clocked sequential cell  
The clock pin data/U0/synth_options.dist_mem_inst/gen_sp_ram.spram_inst/ram_reg_768_1023_9_9/RAMS64E_C/CLK is not reached by a timing clock
Related violations: <none>

TIMING-17#256 Critical Warning
Non-clocked sequential cell  
The clock pin data/U0/synth_options.dist_mem_inst/gen_sp_ram.spram_inst/ram_reg_768_1023_9_9/RAMS64E_D/CLK is not reached by a timing clock
Related violations: <none>

TIMING-17#257 Critical Warning
Non-clocked sequential cell  
The clock pin display/dSelect/dispSelect_reg[0]/C is not reached by a timing clock
Related violations: <none>

TIMING-17#258 Critical Warning
Non-clocked sequential cell  
The clock pin display/dSelect/dispSelect_reg[1]/C is not reached by a timing clock
Related violations: <none>

TIMING-17#259 Critical Warning
Non-clocked sequential cell  
The clock pin prog_count/pc_reg[0]/C is not reached by a timing clock
Related violations: <none>

TIMING-17#260 Critical Warning
Non-clocked sequential cell  
The clock pin prog_count/pc_reg[1]/C is not reached by a timing clock
Related violations: <none>

TIMING-17#261 Critical Warning
Non-clocked sequential cell  
The clock pin prog_count/pc_reg[2]/C is not reached by a timing clock
Related violations: <none>

TIMING-17#262 Critical Warning
Non-clocked sequential cell  
The clock pin prog_count/pc_reg[3]/C is not reached by a timing clock
Related violations: <none>

TIMING-17#263 Critical Warning
Non-clocked sequential cell  
The clock pin prog_count/pc_reg[4]/C is not reached by a timing clock
Related violations: <none>

TIMING-17#264 Critical Warning
Non-clocked sequential cell  
The clock pin prog_count/pc_reg[5]/C is not reached by a timing clock
Related violations: <none>

TIMING-17#265 Critical Warning
Non-clocked sequential cell  
The clock pin prog_count/pc_reg[6]/C is not reached by a timing clock
Related violations: <none>

TIMING-17#266 Critical Warning
Non-clocked sequential cell  
The clock pin prog_count/pc_reg[7]/C is not reached by a timing clock
Related violations: <none>

TIMING-17#267 Critical Warning
Non-clocked sequential cell  
The clock pin reg1/register_file_reg[0][0]/C is not reached by a timing clock
Related violations: <none>

TIMING-17#268 Critical Warning
Non-clocked sequential cell  
The clock pin reg1/register_file_reg[0][10]/C is not reached by a timing clock
Related violations: <none>

TIMING-17#269 Critical Warning
Non-clocked sequential cell  
The clock pin reg1/register_file_reg[0][11]/C is not reached by a timing clock
Related violations: <none>

TIMING-17#270 Critical Warning
Non-clocked sequential cell  
The clock pin reg1/register_file_reg[0][12]/C is not reached by a timing clock
Related violations: <none>

TIMING-17#271 Critical Warning
Non-clocked sequential cell  
The clock pin reg1/register_file_reg[0][13]/C is not reached by a timing clock
Related violations: <none>

TIMING-17#272 Critical Warning
Non-clocked sequential cell  
The clock pin reg1/register_file_reg[0][14]/C is not reached by a timing clock
Related violations: <none>

TIMING-17#273 Critical Warning
Non-clocked sequential cell  
The clock pin reg1/register_file_reg[0][15]/C is not reached by a timing clock
Related violations: <none>

TIMING-17#274 Critical Warning
Non-clocked sequential cell  
The clock pin reg1/register_file_reg[0][1]/C is not reached by a timing clock
Related violations: <none>

TIMING-17#275 Critical Warning
Non-clocked sequential cell  
The clock pin reg1/register_file_reg[0][2]/C is not reached by a timing clock
Related violations: <none>

TIMING-17#276 Critical Warning
Non-clocked sequential cell  
The clock pin reg1/register_file_reg[0][3]/C is not reached by a timing clock
Related violations: <none>

TIMING-17#277 Critical Warning
Non-clocked sequential cell  
The clock pin reg1/register_file_reg[0][4]/C is not reached by a timing clock
Related violations: <none>

TIMING-17#278 Critical Warning
Non-clocked sequential cell  
The clock pin reg1/register_file_reg[0][5]/C is not reached by a timing clock
Related violations: <none>

TIMING-17#279 Critical Warning
Non-clocked sequential cell  
The clock pin reg1/register_file_reg[0][6]/C is not reached by a timing clock
Related violations: <none>

TIMING-17#280 Critical Warning
Non-clocked sequential cell  
The clock pin reg1/register_file_reg[0][7]/C is not reached by a timing clock
Related violations: <none>

TIMING-17#281 Critical Warning
Non-clocked sequential cell  
The clock pin reg1/register_file_reg[0][8]/C is not reached by a timing clock
Related violations: <none>

TIMING-17#282 Critical Warning
Non-clocked sequential cell  
The clock pin reg1/register_file_reg[0][9]/C is not reached by a timing clock
Related violations: <none>

TIMING-17#283 Critical Warning
Non-clocked sequential cell  
The clock pin reg1/register_file_reg[1][0]/C is not reached by a timing clock
Related violations: <none>

TIMING-17#284 Critical Warning
Non-clocked sequential cell  
The clock pin reg1/register_file_reg[1][10]/C is not reached by a timing clock
Related violations: <none>

TIMING-17#285 Critical Warning
Non-clocked sequential cell  
The clock pin reg1/register_file_reg[1][11]/C is not reached by a timing clock
Related violations: <none>

TIMING-17#286 Critical Warning
Non-clocked sequential cell  
The clock pin reg1/register_file_reg[1][12]/C is not reached by a timing clock
Related violations: <none>

TIMING-17#287 Critical Warning
Non-clocked sequential cell  
The clock pin reg1/register_file_reg[1][13]/C is not reached by a timing clock
Related violations: <none>

TIMING-17#288 Critical Warning
Non-clocked sequential cell  
The clock pin reg1/register_file_reg[1][14]/C is not reached by a timing clock
Related violations: <none>

TIMING-17#289 Critical Warning
Non-clocked sequential cell  
The clock pin reg1/register_file_reg[1][15]/C is not reached by a timing clock
Related violations: <none>

TIMING-17#290 Critical Warning
Non-clocked sequential cell  
The clock pin reg1/register_file_reg[1][1]/C is not reached by a timing clock
Related violations: <none>

TIMING-17#291 Critical Warning
Non-clocked sequential cell  
The clock pin reg1/register_file_reg[1][2]/C is not reached by a timing clock
Related violations: <none>

TIMING-17#292 Critical Warning
Non-clocked sequential cell  
The clock pin reg1/register_file_reg[1][3]/C is not reached by a timing clock
Related violations: <none>

TIMING-17#293 Critical Warning
Non-clocked sequential cell  
The clock pin reg1/register_file_reg[1][4]/C is not reached by a timing clock
Related violations: <none>

TIMING-17#294 Critical Warning
Non-clocked sequential cell  
The clock pin reg1/register_file_reg[1][5]/C is not reached by a timing clock
Related violations: <none>

TIMING-17#295 Critical Warning
Non-clocked sequential cell  
The clock pin reg1/register_file_reg[1][6]/C is not reached by a timing clock
Related violations: <none>

TIMING-17#296 Critical Warning
Non-clocked sequential cell  
The clock pin reg1/register_file_reg[1][7]/C is not reached by a timing clock
Related violations: <none>

TIMING-17#297 Critical Warning
Non-clocked sequential cell  
The clock pin reg1/register_file_reg[1][8]/C is not reached by a timing clock
Related violations: <none>

TIMING-17#298 Critical Warning
Non-clocked sequential cell  
The clock pin reg1/register_file_reg[1][9]/C is not reached by a timing clock
Related violations: <none>

TIMING-17#299 Critical Warning
Non-clocked sequential cell  
The clock pin reg1/register_file_reg[2][0]/C is not reached by a timing clock
Related violations: <none>

TIMING-17#300 Critical Warning
Non-clocked sequential cell  
The clock pin reg1/register_file_reg[2][10]/C is not reached by a timing clock
Related violations: <none>

TIMING-17#301 Critical Warning
Non-clocked sequential cell  
The clock pin reg1/register_file_reg[2][11]/C is not reached by a timing clock
Related violations: <none>

TIMING-17#302 Critical Warning
Non-clocked sequential cell  
The clock pin reg1/register_file_reg[2][12]/C is not reached by a timing clock
Related violations: <none>

TIMING-17#303 Critical Warning
Non-clocked sequential cell  
The clock pin reg1/register_file_reg[2][13]/C is not reached by a timing clock
Related violations: <none>

TIMING-17#304 Critical Warning
Non-clocked sequential cell  
The clock pin reg1/register_file_reg[2][14]/C is not reached by a timing clock
Related violations: <none>

TIMING-17#305 Critical Warning
Non-clocked sequential cell  
The clock pin reg1/register_file_reg[2][15]/C is not reached by a timing clock
Related violations: <none>

TIMING-17#306 Critical Warning
Non-clocked sequential cell  
The clock pin reg1/register_file_reg[2][1]/C is not reached by a timing clock
Related violations: <none>

TIMING-17#307 Critical Warning
Non-clocked sequential cell  
The clock pin reg1/register_file_reg[2][2]/C is not reached by a timing clock
Related violations: <none>

TIMING-17#308 Critical Warning
Non-clocked sequential cell  
The clock pin reg1/register_file_reg[2][3]/C is not reached by a timing clock
Related violations: <none>

TIMING-17#309 Critical Warning
Non-clocked sequential cell  
The clock pin reg1/register_file_reg[2][4]/C is not reached by a timing clock
Related violations: <none>

TIMING-17#310 Critical Warning
Non-clocked sequential cell  
The clock pin reg1/register_file_reg[2][5]/C is not reached by a timing clock
Related violations: <none>

TIMING-17#311 Critical Warning
Non-clocked sequential cell  
The clock pin reg1/register_file_reg[2][6]/C is not reached by a timing clock
Related violations: <none>

TIMING-17#312 Critical Warning
Non-clocked sequential cell  
The clock pin reg1/register_file_reg[2][7]/C is not reached by a timing clock
Related violations: <none>

TIMING-17#313 Critical Warning
Non-clocked sequential cell  
The clock pin reg1/register_file_reg[2][8]/C is not reached by a timing clock
Related violations: <none>

TIMING-17#314 Critical Warning
Non-clocked sequential cell  
The clock pin reg1/register_file_reg[2][9]/C is not reached by a timing clock
Related violations: <none>

TIMING-17#315 Critical Warning
Non-clocked sequential cell  
The clock pin reg1/register_file_reg[3][0]/C is not reached by a timing clock
Related violations: <none>

TIMING-17#316 Critical Warning
Non-clocked sequential cell  
The clock pin reg1/register_file_reg[3][10]/C is not reached by a timing clock
Related violations: <none>

TIMING-17#317 Critical Warning
Non-clocked sequential cell  
The clock pin reg1/register_file_reg[3][11]/C is not reached by a timing clock
Related violations: <none>

TIMING-17#318 Critical Warning
Non-clocked sequential cell  
The clock pin reg1/register_file_reg[3][12]/C is not reached by a timing clock
Related violations: <none>

TIMING-17#319 Critical Warning
Non-clocked sequential cell  
The clock pin reg1/register_file_reg[3][13]/C is not reached by a timing clock
Related violations: <none>

TIMING-17#320 Critical Warning
Non-clocked sequential cell  
The clock pin reg1/register_file_reg[3][14]/C is not reached by a timing clock
Related violations: <none>

TIMING-17#321 Critical Warning
Non-clocked sequential cell  
The clock pin reg1/register_file_reg[3][15]/C is not reached by a timing clock
Related violations: <none>

TIMING-17#322 Critical Warning
Non-clocked sequential cell  
The clock pin reg1/register_file_reg[3][1]/C is not reached by a timing clock
Related violations: <none>

TIMING-17#323 Critical Warning
Non-clocked sequential cell  
The clock pin reg1/register_file_reg[3][2]/C is not reached by a timing clock
Related violations: <none>

TIMING-17#324 Critical Warning
Non-clocked sequential cell  
The clock pin reg1/register_file_reg[3][3]/C is not reached by a timing clock
Related violations: <none>

TIMING-17#325 Critical Warning
Non-clocked sequential cell  
The clock pin reg1/register_file_reg[3][4]/C is not reached by a timing clock
Related violations: <none>

TIMING-17#326 Critical Warning
Non-clocked sequential cell  
The clock pin reg1/register_file_reg[3][5]/C is not reached by a timing clock
Related violations: <none>

TIMING-17#327 Critical Warning
Non-clocked sequential cell  
The clock pin reg1/register_file_reg[3][6]/C is not reached by a timing clock
Related violations: <none>

TIMING-17#328 Critical Warning
Non-clocked sequential cell  
The clock pin reg1/register_file_reg[3][7]/C is not reached by a timing clock
Related violations: <none>

TIMING-17#329 Critical Warning
Non-clocked sequential cell  
The clock pin reg1/register_file_reg[3][8]/C is not reached by a timing clock
Related violations: <none>

TIMING-17#330 Critical Warning
Non-clocked sequential cell  
The clock pin reg1/register_file_reg[3][9]/C is not reached by a timing clock
Related violations: <none>

TIMING-17#331 Critical Warning
Non-clocked sequential cell  
The clock pin reg1/register_file_reg[4][0]/C is not reached by a timing clock
Related violations: <none>

TIMING-17#332 Critical Warning
Non-clocked sequential cell  
The clock pin reg1/register_file_reg[4][10]/C is not reached by a timing clock
Related violations: <none>

TIMING-17#333 Critical Warning
Non-clocked sequential cell  
The clock pin reg1/register_file_reg[4][11]/C is not reached by a timing clock
Related violations: <none>

TIMING-17#334 Critical Warning
Non-clocked sequential cell  
The clock pin reg1/register_file_reg[4][12]/C is not reached by a timing clock
Related violations: <none>

TIMING-17#335 Critical Warning
Non-clocked sequential cell  
The clock pin reg1/register_file_reg[4][13]/C is not reached by a timing clock
Related violations: <none>

TIMING-17#336 Critical Warning
Non-clocked sequential cell  
The clock pin reg1/register_file_reg[4][14]/C is not reached by a timing clock
Related violations: <none>

TIMING-17#337 Critical Warning
Non-clocked sequential cell  
The clock pin reg1/register_file_reg[4][15]/C is not reached by a timing clock
Related violations: <none>

TIMING-17#338 Critical Warning
Non-clocked sequential cell  
The clock pin reg1/register_file_reg[4][1]/C is not reached by a timing clock
Related violations: <none>

TIMING-17#339 Critical Warning
Non-clocked sequential cell  
The clock pin reg1/register_file_reg[4][2]/C is not reached by a timing clock
Related violations: <none>

TIMING-17#340 Critical Warning
Non-clocked sequential cell  
The clock pin reg1/register_file_reg[4][3]/C is not reached by a timing clock
Related violations: <none>

TIMING-17#341 Critical Warning
Non-clocked sequential cell  
The clock pin reg1/register_file_reg[4][4]/C is not reached by a timing clock
Related violations: <none>

TIMING-17#342 Critical Warning
Non-clocked sequential cell  
The clock pin reg1/register_file_reg[4][5]/C is not reached by a timing clock
Related violations: <none>

TIMING-17#343 Critical Warning
Non-clocked sequential cell  
The clock pin reg1/register_file_reg[4][6]/C is not reached by a timing clock
Related violations: <none>

TIMING-17#344 Critical Warning
Non-clocked sequential cell  
The clock pin reg1/register_file_reg[4][7]/C is not reached by a timing clock
Related violations: <none>

TIMING-17#345 Critical Warning
Non-clocked sequential cell  
The clock pin reg1/register_file_reg[4][8]/C is not reached by a timing clock
Related violations: <none>

TIMING-17#346 Critical Warning
Non-clocked sequential cell  
The clock pin reg1/register_file_reg[4][9]/C is not reached by a timing clock
Related violations: <none>

TIMING-17#347 Critical Warning
Non-clocked sequential cell  
The clock pin reg1/register_file_reg[5][0]/C is not reached by a timing clock
Related violations: <none>

TIMING-17#348 Critical Warning
Non-clocked sequential cell  
The clock pin reg1/register_file_reg[5][10]/C is not reached by a timing clock
Related violations: <none>

TIMING-17#349 Critical Warning
Non-clocked sequential cell  
The clock pin reg1/register_file_reg[5][11]/C is not reached by a timing clock
Related violations: <none>

TIMING-17#350 Critical Warning
Non-clocked sequential cell  
The clock pin reg1/register_file_reg[5][12]/C is not reached by a timing clock
Related violations: <none>

TIMING-17#351 Critical Warning
Non-clocked sequential cell  
The clock pin reg1/register_file_reg[5][13]/C is not reached by a timing clock
Related violations: <none>

TIMING-17#352 Critical Warning
Non-clocked sequential cell  
The clock pin reg1/register_file_reg[5][14]/C is not reached by a timing clock
Related violations: <none>

TIMING-17#353 Critical Warning
Non-clocked sequential cell  
The clock pin reg1/register_file_reg[5][15]/C is not reached by a timing clock
Related violations: <none>

TIMING-17#354 Critical Warning
Non-clocked sequential cell  
The clock pin reg1/register_file_reg[5][1]/C is not reached by a timing clock
Related violations: <none>

TIMING-17#355 Critical Warning
Non-clocked sequential cell  
The clock pin reg1/register_file_reg[5][2]/C is not reached by a timing clock
Related violations: <none>

TIMING-17#356 Critical Warning
Non-clocked sequential cell  
The clock pin reg1/register_file_reg[5][3]/C is not reached by a timing clock
Related violations: <none>

TIMING-17#357 Critical Warning
Non-clocked sequential cell  
The clock pin reg1/register_file_reg[5][4]/C is not reached by a timing clock
Related violations: <none>

TIMING-17#358 Critical Warning
Non-clocked sequential cell  
The clock pin reg1/register_file_reg[5][5]/C is not reached by a timing clock
Related violations: <none>

TIMING-17#359 Critical Warning
Non-clocked sequential cell  
The clock pin reg1/register_file_reg[5][6]/C is not reached by a timing clock
Related violations: <none>

TIMING-17#360 Critical Warning
Non-clocked sequential cell  
The clock pin reg1/register_file_reg[5][7]/C is not reached by a timing clock
Related violations: <none>

TIMING-17#361 Critical Warning
Non-clocked sequential cell  
The clock pin reg1/register_file_reg[5][8]/C is not reached by a timing clock
Related violations: <none>

TIMING-17#362 Critical Warning
Non-clocked sequential cell  
The clock pin reg1/register_file_reg[5][9]/C is not reached by a timing clock
Related violations: <none>

TIMING-17#363 Critical Warning
Non-clocked sequential cell  
The clock pin reg1/register_file_reg[6][0]/C is not reached by a timing clock
Related violations: <none>

TIMING-17#364 Critical Warning
Non-clocked sequential cell  
The clock pin reg1/register_file_reg[6][10]/C is not reached by a timing clock
Related violations: <none>

TIMING-17#365 Critical Warning
Non-clocked sequential cell  
The clock pin reg1/register_file_reg[6][11]/C is not reached by a timing clock
Related violations: <none>

TIMING-17#366 Critical Warning
Non-clocked sequential cell  
The clock pin reg1/register_file_reg[6][12]/C is not reached by a timing clock
Related violations: <none>

TIMING-17#367 Critical Warning
Non-clocked sequential cell  
The clock pin reg1/register_file_reg[6][13]/C is not reached by a timing clock
Related violations: <none>

TIMING-17#368 Critical Warning
Non-clocked sequential cell  
The clock pin reg1/register_file_reg[6][14]/C is not reached by a timing clock
Related violations: <none>

TIMING-17#369 Critical Warning
Non-clocked sequential cell  
The clock pin reg1/register_file_reg[6][15]/C is not reached by a timing clock
Related violations: <none>

TIMING-17#370 Critical Warning
Non-clocked sequential cell  
The clock pin reg1/register_file_reg[6][1]/C is not reached by a timing clock
Related violations: <none>

TIMING-17#371 Critical Warning
Non-clocked sequential cell  
The clock pin reg1/register_file_reg[6][2]/C is not reached by a timing clock
Related violations: <none>

TIMING-17#372 Critical Warning
Non-clocked sequential cell  
The clock pin reg1/register_file_reg[6][3]/C is not reached by a timing clock
Related violations: <none>

TIMING-17#373 Critical Warning
Non-clocked sequential cell  
The clock pin reg1/register_file_reg[6][4]/C is not reached by a timing clock
Related violations: <none>

TIMING-17#374 Critical Warning
Non-clocked sequential cell  
The clock pin reg1/register_file_reg[6][5]/C is not reached by a timing clock
Related violations: <none>

TIMING-17#375 Critical Warning
Non-clocked sequential cell  
The clock pin reg1/register_file_reg[6][6]/C is not reached by a timing clock
Related violations: <none>

TIMING-17#376 Critical Warning
Non-clocked sequential cell  
The clock pin reg1/register_file_reg[6][7]/C is not reached by a timing clock
Related violations: <none>

TIMING-17#377 Critical Warning
Non-clocked sequential cell  
The clock pin reg1/register_file_reg[6][8]/C is not reached by a timing clock
Related violations: <none>

TIMING-17#378 Critical Warning
Non-clocked sequential cell  
The clock pin reg1/register_file_reg[6][9]/C is not reached by a timing clock
Related violations: <none>

TIMING-17#379 Critical Warning
Non-clocked sequential cell  
The clock pin reg1/register_file_reg[7][0]/C is not reached by a timing clock
Related violations: <none>

TIMING-17#380 Critical Warning
Non-clocked sequential cell  
The clock pin reg1/register_file_reg[7][10]/C is not reached by a timing clock
Related violations: <none>

TIMING-17#381 Critical Warning
Non-clocked sequential cell  
The clock pin reg1/register_file_reg[7][11]/C is not reached by a timing clock
Related violations: <none>

TIMING-17#382 Critical Warning
Non-clocked sequential cell  
The clock pin reg1/register_file_reg[7][12]/C is not reached by a timing clock
Related violations: <none>

TIMING-17#383 Critical Warning
Non-clocked sequential cell  
The clock pin reg1/register_file_reg[7][13]/C is not reached by a timing clock
Related violations: <none>

TIMING-17#384 Critical Warning
Non-clocked sequential cell  
The clock pin reg1/register_file_reg[7][14]/C is not reached by a timing clock
Related violations: <none>

TIMING-17#385 Critical Warning
Non-clocked sequential cell  
The clock pin reg1/register_file_reg[7][15]/C is not reached by a timing clock
Related violations: <none>

TIMING-17#386 Critical Warning
Non-clocked sequential cell  
The clock pin reg1/register_file_reg[7][1]/C is not reached by a timing clock
Related violations: <none>

TIMING-17#387 Critical Warning
Non-clocked sequential cell  
The clock pin reg1/register_file_reg[7][2]/C is not reached by a timing clock
Related violations: <none>

TIMING-17#388 Critical Warning
Non-clocked sequential cell  
The clock pin reg1/register_file_reg[7][3]/C is not reached by a timing clock
Related violations: <none>

TIMING-17#389 Critical Warning
Non-clocked sequential cell  
The clock pin reg1/register_file_reg[7][4]/C is not reached by a timing clock
Related violations: <none>

TIMING-17#390 Critical Warning
Non-clocked sequential cell  
The clock pin reg1/register_file_reg[7][5]/C is not reached by a timing clock
Related violations: <none>

TIMING-17#391 Critical Warning
Non-clocked sequential cell  
The clock pin reg1/register_file_reg[7][6]/C is not reached by a timing clock
Related violations: <none>

TIMING-17#392 Critical Warning
Non-clocked sequential cell  
The clock pin reg1/register_file_reg[7][7]/C is not reached by a timing clock
Related violations: <none>

TIMING-17#393 Critical Warning
Non-clocked sequential cell  
The clock pin reg1/register_file_reg[7][8]/C is not reached by a timing clock
Related violations: <none>

TIMING-17#394 Critical Warning
Non-clocked sequential cell  
The clock pin reg1/register_file_reg[7][9]/C is not reached by a timing clock
Related violations: <none>

LUTAR-1#1 Warning
LUT drives async reset alert  
LUT cell dbg_hub/inst/BSCANID.u_xsdbm_id/CORE_XSDB.UUT_MASTER/U_ICON_INTERFACE/U_CMD6_RD/U_RD_FIFO/SUBCORE_FIFO.xsdbm_v3_0_0_rdfifo_inst/inst_fifo_gen/gconvfifo.rf/grf.rf/rstblk/ngwrdrst.grst.g7serrst.gwrrd_rst_sync_stage[2].rrst_inst/ngwrdrst.grst.g7serrst.rd_rst_reg[2]_i_1, with 2 or more inputs, drives asynchronous preset/clear pin(s) dbg_hub/inst/BSCANID.u_xsdbm_id/CORE_XSDB.UUT_MASTER/U_ICON_INTERFACE/U_CMD6_RD/U_RD_FIFO/SUBCORE_FIFO.xsdbm_v3_0_0_rdfifo_inst/inst_fifo_gen/gconvfifo.rf/grf.rf/rstblk/ngwrdrst.grst.g7serrst.rd_rst_reg_reg[0]/PRE,
dbg_hub/inst/BSCANID.u_xsdbm_id/CORE_XSDB.UUT_MASTER/U_ICON_INTERFACE/U_CMD6_RD/U_RD_FIFO/SUBCORE_FIFO.xsdbm_v3_0_0_rdfifo_inst/inst_fifo_gen/gconvfifo.rf/grf.rf/rstblk/ngwrdrst.grst.g7serrst.rd_rst_reg_reg[1]/PRE
dbg_hub/inst/BSCANID.u_xsdbm_id/CORE_XSDB.UUT_MASTER/U_ICON_INTERFACE/U_CMD6_RD/U_RD_FIFO/SUBCORE_FIFO.xsdbm_v3_0_0_rdfifo_inst/inst_fifo_gen/gconvfifo.rf/grf.rf/rstblk/ngwrdrst.grst.g7serrst.rd_rst_reg_reg[2]/PRE. The LUT may glitch and trigger an unexpected reset, even if it is a properly timed path.
Related violations: <none>

LUTAR-1#2 Warning
LUT drives async reset alert  
LUT cell dbg_hub/inst/BSCANID.u_xsdbm_id/CORE_XSDB.UUT_MASTER/U_ICON_INTERFACE/U_CMD6_RD/U_RD_FIFO/SUBCORE_FIFO.xsdbm_v3_0_0_rdfifo_inst/inst_fifo_gen/gconvfifo.rf/grf.rf/rstblk/ngwrdrst.grst.g7serrst.gwrrd_rst_sync_stage[2].wrst_inst/ngwrdrst.grst.g7serrst.wr_rst_reg[2]_i_1, with 2 or more inputs, drives asynchronous preset/clear pin(s) dbg_hub/inst/BSCANID.u_xsdbm_id/CORE_XSDB.UUT_MASTER/U_ICON_INTERFACE/U_CMD6_RD/U_RD_FIFO/SUBCORE_FIFO.xsdbm_v3_0_0_rdfifo_inst/inst_fifo_gen/gconvfifo.rf/grf.rf/rstblk/ngwrdrst.grst.g7serrst.wr_rst_reg_reg[0]/PRE,
dbg_hub/inst/BSCANID.u_xsdbm_id/CORE_XSDB.UUT_MASTER/U_ICON_INTERFACE/U_CMD6_RD/U_RD_FIFO/SUBCORE_FIFO.xsdbm_v3_0_0_rdfifo_inst/inst_fifo_gen/gconvfifo.rf/grf.rf/rstblk/ngwrdrst.grst.g7serrst.wr_rst_reg_reg[1]/PRE
dbg_hub/inst/BSCANID.u_xsdbm_id/CORE_XSDB.UUT_MASTER/U_ICON_INTERFACE/U_CMD6_RD/U_RD_FIFO/SUBCORE_FIFO.xsdbm_v3_0_0_rdfifo_inst/inst_fifo_gen/gconvfifo.rf/grf.rf/rstblk/ngwrdrst.grst.g7serrst.wr_rst_reg_reg[2]/PRE. The LUT may glitch and trigger an unexpected reset, even if it is a properly timed path.
Related violations: <none>

LUTAR-1#3 Warning
LUT drives async reset alert  
LUT cell dbg_hub/inst/BSCANID.u_xsdbm_id/CORE_XSDB.UUT_MASTER/U_ICON_INTERFACE/U_CMD6_WR/U_WR_FIFO/SUBCORE_FIFO.xsdbm_v3_0_0_wrfifo_inst/inst_fifo_gen/gconvfifo.rf/grf.rf/rstblk/ngwrdrst.grst.g7serrst.gwrrd_rst_sync_stage[2].rrst_inst/ngwrdrst.grst.g7serrst.rd_rst_reg[2]_i_1, with 2 or more inputs, drives asynchronous preset/clear pin(s) dbg_hub/inst/BSCANID.u_xsdbm_id/CORE_XSDB.UUT_MASTER/U_ICON_INTERFACE/U_CMD6_WR/U_WR_FIFO/SUBCORE_FIFO.xsdbm_v3_0_0_wrfifo_inst/inst_fifo_gen/gconvfifo.rf/grf.rf/rstblk/ngwrdrst.grst.g7serrst.rd_rst_reg_reg[0]/PRE,
dbg_hub/inst/BSCANID.u_xsdbm_id/CORE_XSDB.UUT_MASTER/U_ICON_INTERFACE/U_CMD6_WR/U_WR_FIFO/SUBCORE_FIFO.xsdbm_v3_0_0_wrfifo_inst/inst_fifo_gen/gconvfifo.rf/grf.rf/rstblk/ngwrdrst.grst.g7serrst.rd_rst_reg_reg[1]/PRE
dbg_hub/inst/BSCANID.u_xsdbm_id/CORE_XSDB.UUT_MASTER/U_ICON_INTERFACE/U_CMD6_WR/U_WR_FIFO/SUBCORE_FIFO.xsdbm_v3_0_0_wrfifo_inst/inst_fifo_gen/gconvfifo.rf/grf.rf/rstblk/ngwrdrst.grst.g7serrst.rd_rst_reg_reg[2]/PRE. The LUT may glitch and trigger an unexpected reset, even if it is a properly timed path.
Related violations: <none>

LUTAR-1#4 Warning
LUT drives async reset alert  
LUT cell dbg_hub/inst/BSCANID.u_xsdbm_id/CORE_XSDB.UUT_MASTER/U_ICON_INTERFACE/U_CMD6_WR/U_WR_FIFO/SUBCORE_FIFO.xsdbm_v3_0_0_wrfifo_inst/inst_fifo_gen/gconvfifo.rf/grf.rf/rstblk/ngwrdrst.grst.g7serrst.gwrrd_rst_sync_stage[2].wrst_inst/ngwrdrst.grst.g7serrst.wr_rst_reg[2]_i_1, with 2 or more inputs, drives asynchronous preset/clear pin(s) dbg_hub/inst/BSCANID.u_xsdbm_id/CORE_XSDB.UUT_MASTER/U_ICON_INTERFACE/U_CMD6_WR/U_WR_FIFO/SUBCORE_FIFO.xsdbm_v3_0_0_wrfifo_inst/inst_fifo_gen/gconvfifo.rf/grf.rf/rstblk/ngwrdrst.grst.g7serrst.wr_rst_reg_reg[0]/PRE,
dbg_hub/inst/BSCANID.u_xsdbm_id/CORE_XSDB.UUT_MASTER/U_ICON_INTERFACE/U_CMD6_WR/U_WR_FIFO/SUBCORE_FIFO.xsdbm_v3_0_0_wrfifo_inst/inst_fifo_gen/gconvfifo.rf/grf.rf/rstblk/ngwrdrst.grst.g7serrst.wr_rst_reg_reg[1]/PRE
dbg_hub/inst/BSCANID.u_xsdbm_id/CORE_XSDB.UUT_MASTER/U_ICON_INTERFACE/U_CMD6_WR/U_WR_FIFO/SUBCORE_FIFO.xsdbm_v3_0_0_wrfifo_inst/inst_fifo_gen/gconvfifo.rf/grf.rf/rstblk/ngwrdrst.grst.g7serrst.wr_rst_reg_reg[2]/PRE. The LUT may glitch and trigger an unexpected reset, even if it is a properly timed path.
Related violations: <none>

PDRC-190#1 Warning
Suboptimally placed synchronized register chain  
The FDRE cell dbg_hub/inst/BSCANID.u_xsdbm_id/CORE_XSDB.UUT_MASTER/U_ICON_INTERFACE/U_CMD2/stat_reg_reg[0] in site SLICE_X57Y94 is part of a synchronized register chain that is suboptimally placed as the load FDRE cell dbg_hub/inst/BSCANID.u_xsdbm_id/CORE_XSDB.UUT_MASTER/U_ICON_INTERFACE/U_CMD2/stat_reg_1_reg[0] is not placed in the same (SLICE) site.
Related violations: <none>

PDRC-190#2 Warning
Suboptimally placed synchronized register chain  
The FDRE cell dbg_hub/inst/BSCANID.u_xsdbm_id/CORE_XSDB.UUT_MASTER/U_ICON_INTERFACE/U_CMD2/stat_reg_reg[1] in site SLICE_X56Y94 is part of a synchronized register chain that is suboptimally placed as the load FDRE cell dbg_hub/inst/BSCANID.u_xsdbm_id/CORE_XSDB.UUT_MASTER/U_ICON_INTERFACE/U_CMD2/stat_reg_1_reg[1] is not placed in the same (SLICE) site.
Related violations: <none>

PDRC-190#3 Warning
Suboptimally placed synchronized register chain  
The FDRE cell dbg_hub/inst/BSCANID.u_xsdbm_id/CORE_XSDB.UUT_MASTER/U_ICON_INTERFACE/U_CMD2/stat_reg_reg[2] in site SLICE_X56Y92 is part of a synchronized register chain that is suboptimally placed as the load FDRE cell dbg_hub/inst/BSCANID.u_xsdbm_id/CORE_XSDB.UUT_MASTER/U_ICON_INTERFACE/U_CMD2/stat_reg_1_reg[2] is not placed in the same (SLICE) site.
Related violations: <none>

PDRC-190#4 Warning
Suboptimally placed synchronized register chain  
The FDRE cell dbg_hub/inst/BSCANID.u_xsdbm_id/CORE_XSDB.UUT_MASTER/U_ICON_INTERFACE/U_CMD2/stat_reg_reg[3] in site SLICE_X57Y92 is part of a synchronized register chain that is suboptimally placed as the load FDRE cell dbg_hub/inst/BSCANID.u_xsdbm_id/CORE_XSDB.UUT_MASTER/U_ICON_INTERFACE/U_CMD2/stat_reg_1_reg[3] is not placed in the same (SLICE) site.
Related violations: <none>

PDRC-190#5 Warning
Suboptimally placed synchronized register chain  
The FDRE cell dbg_hub/inst/BSCANID.u_xsdbm_id/CORE_XSDB.UUT_MASTER/U_ICON_INTERFACE/U_CMD3/stat_reg_reg[0] in site SLICE_X55Y92 is part of a synchronized register chain that is suboptimally placed as the load FDRE cell dbg_hub/inst/BSCANID.u_xsdbm_id/CORE_XSDB.UUT_MASTER/U_ICON_INTERFACE/U_CMD3/stat_reg_1_reg[0] is not placed in the same (SLICE) site.
Related violations: <none>

PDRC-190#6 Warning
Suboptimally placed synchronized register chain  
The FDRE cell dbg_hub/inst/BSCANID.u_xsdbm_id/CORE_XSDB.UUT_MASTER/U_ICON_INTERFACE/U_CMD3/stat_reg_reg[1] in site SLICE_X55Y94 is part of a synchronized register chain that is suboptimally placed as the load FDRE cell dbg_hub/inst/BSCANID.u_xsdbm_id/CORE_XSDB.UUT_MASTER/U_ICON_INTERFACE/U_CMD3/stat_reg_1_reg[1] is not placed in the same (SLICE) site.
Related violations: <none>

PDRC-190#7 Warning
Suboptimally placed synchronized register chain  
The FDRE cell dbg_hub/inst/BSCANID.u_xsdbm_id/CORE_XSDB.UUT_MASTER/U_ICON_INTERFACE/U_CMD3/stat_reg_reg[2] in site SLICE_X54Y93 is part of a synchronized register chain that is suboptimally placed as the load FDRE cell dbg_hub/inst/BSCANID.u_xsdbm_id/CORE_XSDB.UUT_MASTER/U_ICON_INTERFACE/U_CMD3/stat_reg_1_reg[2] is not placed in the same (SLICE) site.
Related violations: <none>

PDRC-190#8 Warning
Suboptimally placed synchronized register chain  
The FDRE cell dbg_hub/inst/BSCANID.u_xsdbm_id/CORE_XSDB.UUT_MASTER/U_ICON_INTERFACE/U_CMD7_STAT/stat_reg_reg[0] in site SLICE_X51Y87 is part of a synchronized register chain that is suboptimally placed as the load FDRE cell dbg_hub/inst/BSCANID.u_xsdbm_id/CORE_XSDB.UUT_MASTER/U_ICON_INTERFACE/U_CMD7_STAT/stat_reg_1_reg[0] is not placed in the same (SLICE) site.
Related violations: <none>

PDRC-190#9 Warning
Suboptimally placed synchronized register chain  
The FDRE cell dbg_hub/inst/BSCANID.u_xsdbm_id/CORE_XSDB.UUT_MASTER/U_ICON_INTERFACE/U_CMD7_STAT/stat_reg_reg[1] in site SLICE_X51Y94 is part of a synchronized register chain that is suboptimally placed as the load FDRE cell dbg_hub/inst/BSCANID.u_xsdbm_id/CORE_XSDB.UUT_MASTER/U_ICON_INTERFACE/U_CMD7_STAT/stat_reg_1_reg[1] is not placed in the same (SLICE) site.
Related violations: <none>

PDRC-190#10 Warning
Suboptimally placed synchronized register chain  
The FDRE cell dbg_hub/inst/BSCANID.u_xsdbm_id/CORE_XSDB.UUT_MASTER/U_ICON_INTERFACE/U_CMD7_STAT/stat_reg_reg[2] in site SLICE_X50Y94 is part of a synchronized register chain that is suboptimally placed as the load FDRE cell dbg_hub/inst/BSCANID.u_xsdbm_id/CORE_XSDB.UUT_MASTER/U_ICON_INTERFACE/U_CMD7_STAT/stat_reg_1_reg[2] is not placed in the same (SLICE) site.
Related violations: <none>

TIMING-18#1 Warning
Missing input or output delay  
An input delay is missing on top_pb_clk relative to clock(s) clk125_pin
Related violations: <none>

TIMING-18#2 Warning
Missing input or output delay  
An output delay is missing on seg7_output[0] relative to clock(s) clk125_pin
Related violations: <none>

TIMING-18#3 Warning
Missing input or output delay  
An output delay is missing on seg7_output[1] relative to clock(s) clk125_pin
Related violations: <none>

TIMING-18#4 Warning
Missing input or output delay  
An output delay is missing on seg7_output[2] relative to clock(s) clk125_pin
Related violations: <none>

TIMING-18#5 Warning
Missing input or output delay  
An output delay is missing on seg7_output[3] relative to clock(s) clk125_pin
Related violations: <none>

TIMING-18#6 Warning
Missing input or output delay  
An output delay is missing on seg7_output[4] relative to clock(s) clk125_pin
Related violations: <none>

TIMING-18#7 Warning
Missing input or output delay  
An output delay is missing on seg7_output[5] relative to clock(s) clk125_pin
Related violations: <none>

TIMING-18#8 Warning
Missing input or output delay  
An output delay is missing on seg7_output[6] relative to clock(s) clk125_pin
Related violations: <none>

TIMING-20#1 Warning
Non-clocked latch  
The latch inst/ALUOp_reg[0] cannot be properly analyzed as its control pin inst/ALUOp_reg[0]/G is not reached by a timing clock
Related violations: <none>

TIMING-20#2 Warning
Non-clocked latch  
The latch inst/ALUOp_reg[1] cannot be properly analyzed as its control pin inst/ALUOp_reg[1]/G is not reached by a timing clock
Related violations: <none>

TIMING-20#3 Warning
Non-clocked latch  
The latch inst/ALUOp_reg[2] cannot be properly analyzed as its control pin inst/ALUOp_reg[2]/G is not reached by a timing clock
Related violations: <none>

TIMING-20#4 Warning
Non-clocked latch  
The latch inst/ALUOp_reg[3] cannot be properly analyzed as its control pin inst/ALUOp_reg[3]/G is not reached by a timing clock
Related violations: <none>

TIMING-20#5 Warning
Non-clocked latch  
The latch inst/ALUSrc2_reg cannot be properly analyzed as its control pin inst/ALUSrc2_reg/G is not reached by a timing clock
Related violations: <none>

TIMING-20#6 Warning
Non-clocked latch  
The latch inst/MemToReg_reg cannot be properly analyzed as its control pin inst/MemToReg_reg/G is not reached by a timing clock
Related violations: <none>

TIMING-20#7 Warning
Non-clocked latch  
The latch inst/MemWrite_reg cannot be properly analyzed as its control pin inst/MemWrite_reg/G is not reached by a timing clock
Related violations: <none>

TIMING-20#8 Warning
Non-clocked latch  
The latch inst/RegWrite_reg cannot be properly analyzed as its control pin inst/RegWrite_reg/G is not reached by a timing clock
Related violations: <none>

TIMING-20#9 Warning
Non-clocked latch  
The latch inst/Regsrc_reg cannot be properly analyzed as its control pin inst/Regsrc_reg/G is not reached by a timing clock
Related violations: <none>

TIMING-20#10 Warning
Non-clocked latch  
The latch inst/instr_i_reg[0] cannot be properly analyzed as its control pin inst/instr_i_reg[0]/G is not reached by a timing clock
Related violations: <none>

TIMING-20#11 Warning
Non-clocked latch  
The latch inst/instr_i_reg[15] cannot be properly analyzed as its control pin inst/instr_i_reg[15]/G is not reached by a timing clock
Related violations: <none>

TIMING-20#12 Warning
Non-clocked latch  
The latch inst/instr_i_reg[1] cannot be properly analyzed as its control pin inst/instr_i_reg[1]/G is not reached by a timing clock
Related violations: <none>

TIMING-20#13 Warning
Non-clocked latch  
The latch inst/instr_i_reg[2] cannot be properly analyzed as its control pin inst/instr_i_reg[2]/G is not reached by a timing clock
Related violations: <none>

TIMING-20#14 Warning
Non-clocked latch  
The latch inst/instr_i_reg[3] cannot be properly analyzed as its control pin inst/instr_i_reg[3]/G is not reached by a timing clock
Related violations: <none>

TIMING-20#15 Warning
Non-clocked latch  
The latch inst/instr_i_reg[4] cannot be properly analyzed as its control pin inst/instr_i_reg[4]/G is not reached by a timing clock
Related violations: <none>

TIMING-20#16 Warning
Non-clocked latch  
The latch inst/instr_i_reg[5] cannot be properly analyzed as its control pin inst/instr_i_reg[5]/G is not reached by a timing clock
Related violations: <none>

TIMING-20#17 Warning
Non-clocked latch  
The latch inst/instr_i_reg[6] cannot be properly analyzed as its control pin inst/instr_i_reg[6]/G is not reached by a timing clock
Related violations: <none>

TIMING-20#18 Warning
Non-clocked latch  
The latch inst/instr_i_reg[7] cannot be properly analyzed as its control pin inst/instr_i_reg[7]/G is not reached by a timing clock
Related violations: <none>

TIMING-20#19 Warning
Non-clocked latch  
The latch inst/instr_i_reg[8] cannot be properly analyzed as its control pin inst/instr_i_reg[8]/G is not reached by a timing clock
Related violations: <none>

TIMING-20#20 Warning
Non-clocked latch  
The latch nolabel_line70/opcode_reg[0] cannot be properly analyzed as its control pin nolabel_line70/opcode_reg[0]/G is not reached by a timing clock
Related violations: <none>

TIMING-20#21 Warning
Non-clocked latch  
The latch nolabel_line70/opcode_reg[1] cannot be properly analyzed as its control pin nolabel_line70/opcode_reg[1]/G is not reached by a timing clock
Related violations: <none>

TIMING-20#22 Warning
Non-clocked latch  
The latch nolabel_line70/opcode_reg[2] cannot be properly analyzed as its control pin nolabel_line70/opcode_reg[2]/G is not reached by a timing clock
Related violations: <none>

TIMING-20#23 Warning
Non-clocked latch  
The latch nolabel_line70/opcode_reg[3] cannot be properly analyzed as its control pin nolabel_line70/opcode_reg[3]/G is not reached by a timing clock
Related violations: <none>

LATCH-1#1 Advisory
Existing latches in the design  
There are 23 latches found in the design. Inferred latches are often the result of HDL coding mistakes, such as incomplete if or case statements.
Related violations: <none>


