#-----------------------------------------------------------
# Vivado v2022.1 (64-bit)
# SW Build 3526262 on Mon Apr 18 15:48:16 MDT 2022
# IP Build 3524634 on Mon Apr 18 20:55:01 MDT 2022
# Start of session at: Tue Apr 11 16:54:55 2023
# Process ID: 8932
# Current directory: C:/Users/holden.ca/Desktop/lab7
# Command line: vivado.exe -gui_launcher_event rodinguilauncherevent8500 C:\Users\holden.ca\Desktop\lab7\lab7.xpr
# Log file: C:/Users/holden.ca/Desktop/lab7/vivado.log
# Journal file: C:/Users/holden.ca/Desktop/lab7\vivado.jou
# Running On: WFXA4BB6DB8E837, OS: Windows, CPU Frequency: 2904 MHz, CPU Physical cores: 8, Host memory: 16881 MB
#-----------------------------------------------------------
start_gui
open_project C:/Users/holden.ca/Desktop/lab7/lab7.xpr
WARNING: [Board 49-26] cannot add Board Part xilinx.com:vpk120_es:part0:1.2 available at C:/Xilinx/Vivado/2022.1/data/xhub/boards/XilinxBoardStore/boards/Xilinx/vpk120/es/1.2/board.xml as part xcvp1202-vsva2785-2mp-e-s-es1 specified in board_part file is either invalid or not available
WARNING: [Board 49-26] cannot add Board Part xilinx.com:vpk120_es_revb:part0:1.0 available at C:/Xilinx/Vivado/2022.1/data/xhub/boards/XilinxBoardStore/boards/Xilinx/vpk120_revb/es/1.0/board.xml as part xcvp1202-vsva2785-2mp-e-s-es1 specified in board_part file is either invalid or not available
WARNING: [Board 49-26] cannot add Board Part xilinx.com:zcu208ld:part0:2.0 available at C:/Xilinx/Vivado/2022.1/data/xhub/boards/XilinxBoardStore/boards/Xilinx/zcu208ld/production/2.0/board.xml as part xczu58dr-fsvg1517-2-i specified in board_part file is either invalid or not available
WARNING: [Board 49-26] cannot add Board Part xilinx.com:zcu216ld:part0:2.0 available at C:/Xilinx/Vivado/2022.1/data/xhub/boards/XilinxBoardStore/boards/Xilinx/zcu216ld/production/2.0/board.xml as part xczu59dr-ffvf1760-2-i specified in board_part file is either invalid or not available
WARNING: [Board 49-26] cannot add Board Part xilinx.com:zcu670:part0:2.0 available at C:/Xilinx/Vivado/2022.1/data/xhub/boards/XilinxBoardStore/boards/Xilinx/zcu670/2.0/board.xml as part xczu67dr-fsve1156-2-i specified in board_part file is either invalid or not available
WARNING: [Board 49-26] cannot add Board Part xilinx.com:zcu670ld:part0:1.0 available at C:/Xilinx/Vivado/2022.1/data/xhub/boards/XilinxBoardStore/boards/Xilinx/zcu670ld/1.0/board.xml as part xczu57dr-fsve1156-2-i specified in board_part file is either invalid or not available
CRITICAL WARNING: [Project 1-19] Could not find the file 'C:/Users/holden.ca/Desktop/Downloads/adaptor_display-7.sv'.
CRITICAL WARNING: [Project 1-19] Could not find the file 'C:/Users/holden.ca/Desktop/Downloads/debounce-2.sv'.
CRITICAL WARNING: [Project 1-19] Could not find the file 'C:/Users/holden.ca/Desktop/Downloads/mapper-1.sv'.
CRITICAL WARNING: [Project 1-19] Could not find the file 'C:/Users/holden.ca/Desktop/Downloads/alu_instrmem_top-1.sv'.
CRITICAL WARNING: [Project 1-19] Could not find the file 'C:/Users/holden.ca/Desktop/Downloads/lab_7_constraint.xdc'.
Scanning sources...
Finished scanning sources
INFO: [IP_Flow 19-234] Refreshing IP repositories
INFO: [IP_Flow 19-1704] No user IP repositories specified
INFO: [IP_Flow 19-2313] Loaded Vivado IP repository 'C:/Xilinx/Vivado/2022.1/data/ip'.
open_project: Time (s): cpu = 00:00:22 ; elapsed = 00:00:07 . Memory (MB): peak = 1702.563 ; gain = 0.000
update_compile_order -fileset sources_1
reset_run synth_1
launch_runs impl_1 -to_step write_bitstream -jobs 8
[Tue Apr 11 16:57:50 2023] Launched synth_1...
Run output will be captured here: C:/Users/holden.ca/Desktop/lab7/lab7.runs/synth_1/runme.log
[Tue Apr 11 16:57:50 2023] Launched impl_1...
Run output will be captured here: C:/Users/holden.ca/Desktop/lab7/lab7.runs/impl_1/runme.log
add_files -norecurse {C:/Users/holden.ca/Downloads/mapper-1.sv C:/Users/holden.ca/Downloads/alu_instrmem_top-1.sv C:/Users/holden.ca/Downloads/debounce-2.sv C:/Users/holden.ca/Downloads/adaptor_display-7.sv}
update_compile_order -fileset sources_1
update_compile_order -fileset sources_1
reset_run synth_1
launch_runs impl_1 -to_step write_bitstream -jobs 8
[Tue Apr 11 16:59:46 2023] Launched synth_1...
Run output will be captured here: C:/Users/holden.ca/Desktop/lab7/lab7.runs/synth_1/runme.log
[Tue Apr 11 16:59:46 2023] Launched impl_1...
Run output will be captured here: C:/Users/holden.ca/Desktop/lab7/lab7.runs/impl_1/runme.log
open_hw_manager
exit
INFO: [Common 17-206] Exiting Vivado at Tue Apr 11 17:00:15 2023...
