#-----------------------------------------------------------
# Vivado v2022.1 (64-bit)
# SW Build 3526262 on Mon Apr 18 15:48:16 MDT 2022
# IP Build 3524634 on Mon Apr 18 20:55:01 MDT 2022
# Start of session at: Tue Apr 11 17:00:19 2023
# Process ID: 12872
# Current directory: C:/Users/holden.ca/Desktop/lab7
# Command line: vivado.exe -gui_launcher_event rodinguilauncherevent13812 C:\Users\holden.ca\Desktop\lab7\lab7.xpr
# Log file: C:/Users/holden.ca/Desktop/lab7/vivado.log
# Journal file: C:/Users/holden.ca/Desktop/lab7\vivado.jou
# Running On: WFXA4BB6DB8E837, OS: Windows, CPU Frequency: 2904 MHz, CPU Physical cores: 8, Host memory: 16881 MB
#-----------------------------------------------------------
start_gui
open_project C:/Users/holden.ca/Desktop/lab7/lab7.xpr
WARNING: [Board 49-26] cannot add Board Part xilinx.com:vpk120_es:part0:1.2 available at C:/Xilinx/Vivado/2022.1/data/xhub/boards/XilinxBoardStore/boards/Xilinx/vpk120/es/1.2/board.xml as part xcvp1202-vsva2785-2mp-e-s-es1 specified in board_part file is either invalid or not available
WARNING: [Board 49-26] cannot add Board Part xilinx.com:vpk120_es_revb:part0:1.0 available at C:/Xilinx/Vivado/2022.1/data/xhub/boards/XilinxBoardStore/boards/Xilinx/vpk120_revb/es/1.0/board.xml as part xcvp1202-vsva2785-2mp-e-s-es1 specified in board_part file is either invalid or not available
WARNING: [Board 49-26] cannot add Board Part xilinx.com:zcu208ld:part0:2.0 available at C:/Xilinx/Vivado/2022.1/data/xhub/boards/XilinxBoardStore/boards/Xilinx/zcu208ld/production/2.0/board.xml as part xczu58dr-fsvg1517-2-i specified in board_part file is either invalid or not available
WARNING: [Board 49-26] cannot add Board Part xilinx.com:zcu216ld:part0:2.0 available at C:/Xilinx/Vivado/2022.1/data/xhub/boards/XilinxBoardStore/boards/Xilinx/zcu216ld/production/2.0/board.xml as part xczu59dr-ffvf1760-2-i specified in board_part file is either invalid or not available
WARNING: [Board 49-26] cannot add Board Part xilinx.com:zcu670:part0:2.0 available at C:/Xilinx/Vivado/2022.1/data/xhub/boards/XilinxBoardStore/boards/Xilinx/zcu670/2.0/board.xml as part xczu67dr-fsve1156-2-i specified in board_part file is either invalid or not available
WARNING: [Board 49-26] cannot add Board Part xilinx.com:zcu670ld:part0:1.0 available at C:/Xilinx/Vivado/2022.1/data/xhub/boards/XilinxBoardStore/boards/Xilinx/zcu670ld/1.0/board.xml as part xczu57dr-fsve1156-2-i specified in board_part file is either invalid or not available
CRITICAL WARNING: [Project 1-19] Could not find the file 'C:/Users/holden.ca/Desktop/Downloads/adaptor_display-7.sv'.
CRITICAL WARNING: [Project 1-19] Could not find the file 'C:/Users/holden.ca/Desktop/Downloads/debounce-2.sv'.
CRITICAL WARNING: [Project 1-19] Could not find the file 'C:/Users/holden.ca/Desktop/Downloads/mapper-1.sv'.
CRITICAL WARNING: [Project 1-19] Could not find the file 'C:/Users/holden.ca/Desktop/Downloads/alu_instrmem_top-1.sv'.
CRITICAL WARNING: [Project 1-19] Could not find the file 'C:/Users/holden.ca/Desktop/Downloads/lab_7_constraint.xdc'.
Scanning sources...
Finished scanning sources
INFO: [IP_Flow 19-234] Refreshing IP repositories
INFO: [IP_Flow 19-1704] No user IP repositories specified
INFO: [IP_Flow 19-2313] Loaded Vivado IP repository 'C:/Xilinx/Vivado/2022.1/data/ip'.
open_project: Time (s): cpu = 00:00:15 ; elapsed = 00:00:06 . Memory (MB): peak = 1576.445 ; gain = 0.000
update_compile_order -fileset sources_1
import_files -norecurse {C:/Users/holden.ca/Downloads/mapper-1.sv C:/Users/holden.ca/Downloads/alu_instrmem_top-1.sv C:/Users/holden.ca/Downloads/debounce-2.sv C:/Users/holden.ca/Downloads/adaptor_display-7.sv}
close [ open C:/Users/holden.ca/Desktop/lab7/lab7.srcs/sources_1/new/adaptor_display-7.sv w ]
add_files C:/Users/holden.ca/Desktop/lab7/lab7.srcs/sources_1/new/adaptor_display-7.sv
update_compile_order -fileset sources_1
update_compile_order -fileset sources_1
export_ip_user_files -of_objects  [get_files C:/Users/holden.ca/Desktop/Downloads/adaptor_display-7.sv] -no_script -reset -force -quiet
remove_files  C:/Users/holden.ca/Desktop/Downloads/adaptor_display-7.sv
remove_files  C:/Users/holden.ca/Desktop/Downloads/adaptor_display-7.sv
WARNING: [Vivado 12-818] No files matched 'C:/Users/holden.ca/Desktop/Downloads/adaptor_display-7.sv'
export_ip_user_files -of_objects  [get_files C:/Users/holden.ca/Desktop/lab7/lab7.srcs/sources_1/imports/Downloads/adaptor_display-7.sv] -no_script -reset -force -quiet
remove_files  C:/Users/holden.ca/Desktop/lab7/lab7.srcs/sources_1/imports/Downloads/adaptor_display-7.sv
export_ip_user_files -of_objects  [get_files C:/Users/holden.ca/Desktop/Downloads/mapper-1.sv] -no_script -reset -force -quiet
remove_files  C:/Users/holden.ca/Desktop/Downloads/mapper-1.sv
export_ip_user_files -of_objects  [get_files C:/Users/holden.ca/Desktop/Downloads/debounce-2.sv] -no_script -reset -force -quiet
remove_files  C:/Users/holden.ca/Desktop/Downloads/debounce-2.sv
export_ip_user_files -of_objects  [get_files C:/Users/holden.ca/Desktop/Downloads/alu_instrmem_top-1.sv] -no_script -reset -force -quiet
remove_files  C:/Users/holden.ca/Desktop/Downloads/alu_instrmem_top-1.sv
export_ip_user_files -of_objects  [get_files C:/Users/holden.ca/Desktop/Downloads/lab_7_constraint.xdc] -no_script -reset -force -quiet
remove_files  -fileset constrs_1 C:/Users/holden.ca/Desktop/Downloads/lab_7_constraint.xdc
reset_run synth_1
reset_run instruction_memory_synth_1
launch_runs impl_1 -to_step write_bitstream -jobs 8
INFO: [IP_Flow 19-1686] Generating 'Synthesis' target for IP 'instruction_memory'...
[Tue Apr 11 17:04:06 2023] Launched instruction_memory_synth_1, synth_1...
Run output will be captured here:
instruction_memory_synth_1: C:/Users/holden.ca/Desktop/lab7/lab7.runs/instruction_memory_synth_1/runme.log
synth_1: C:/Users/holden.ca/Desktop/lab7/lab7.runs/synth_1/runme.log
[Tue Apr 11 17:04:06 2023] Launched impl_1...
Run output will be captured here: C:/Users/holden.ca/Desktop/lab7/lab7.runs/impl_1/runme.log
reset_run impl_1 -prev_step 
launch_runs impl_1 -to_step write_bitstream -jobs 8
[Tue Apr 11 17:07:21 2023] Launched impl_1...
Run output will be captured here: C:/Users/holden.ca/Desktop/lab7/lab7.runs/impl_1/runme.log
open_hw_manager
connect_hw_server -allow_non_jtag
INFO: [Labtools 27-2285] Connecting to hw_server url TCP:localhost:3121
INFO: [Labtools 27-2222] Launching hw_server...
INFO: [Labtools 27-2221] Launch Output:

****** Xilinx hw_server v2022.1
  **** Build date : Apr 18 2022 at 16:02:36
    ** Copyright 1986-2022 Xilinx, Inc. All Rights Reserved.


INFO: [Labtools 27-3415] Connecting to cs_server url TCP:localhost:3042
INFO: [Labtools 27-3417] Launching cs_server...
INFO: [Labtools 27-2221] Launch Output:


******** Xilinx cs_server v2022.1.0
  ****** Build date   : Apr 12 2022-15:12:08
    **** Build number : 2022.1.1649790728
      ** Copyright 2017-2023 Xilinx, Inc. All Rights Reserved.



connect_hw_server: Time (s): cpu = 00:00:01 ; elapsed = 00:00:05 . Memory (MB): peak = 1581.012 ; gain = 0.000
open_hw_target
INFO: [Labtoolstcl 44-466] Opening hw_target localhost:3121/xilinx_tcf/Xilinx/1234-tulA
open_hw_target: Time (s): cpu = 00:00:05 ; elapsed = 00:00:08 . Memory (MB): peak = 3694.555 ; gain = 2113.543
current_hw_device [get_hw_devices xc7z020_1]
refresh_hw_device -update_hw_probes false [lindex [get_hw_devices xc7z020_1] 0]
INFO: [Labtools 27-1435] Device xc7z020 (JTAG device index = 1) is not programmed (DONE status = 0).
refresh_hw_device [lindex [get_hw_devices xc7z020_1] 0]
INFO: [Labtools 27-1435] Device xc7z020 (JTAG device index = 1) is not programmed (DONE status = 0).
reset_run impl_1 -prev_step 
launch_runs impl_1 -to_step write_bitstream -jobs 8
[Tue Apr 11 17:09:35 2023] Launched impl_1...
Run output will be captured here: C:/Users/holden.ca/Desktop/lab7/lab7.runs/impl_1/runme.log
set_property -dict [list CONFIG.coefficient_file {C:/Users/holden.ca/Downloads/output.coe}] [get_ips instruction_memory]
INFO: [IP_Flow 19-3484] Absolute path of file 'c:/Users/holden.ca/Downloads/output.coe' provided. It will be converted relative to IP Instance files '../../../../../../Downloads/output.coe'
generate_target all [get_files  C:/Users/holden.ca/Desktop/lab7/lab7.srcs/sources_1/ip/instruction_memory/instruction_memory.xci]
INFO: [IP_Flow 19-1686] Generating 'Instantiation Template' target for IP 'instruction_memory'...
INFO: [IP_Flow 19-1686] Generating 'Simulation' target for IP 'instruction_memory'...
INFO: [IP_Flow 19-1686] Generating 'Change Log' target for IP 'instruction_memory'...
export_ip_user_files -of_objects [get_files C:/Users/holden.ca/Desktop/lab7/lab7.srcs/sources_1/ip/instruction_memory/instruction_memory.xci] -no_script -sync -force -quiet
reset_run instruction_memory_synth_1
WARNING: [Vivado 12-1017] Problems encountered:
1. Failed to delete one or more files in run directory C:/Users/holden.ca/Desktop/lab7/lab7.runs/instruction_memory_synth_1

launch_runs instruction_memory_synth_1 -jobs 8
INFO: [Vivado 12-4149] The synthesis checkpoint for IP 'C:/Users/holden.ca/Desktop/lab7/lab7.srcs/sources_1/ip/instruction_memory/instruction_memory.xci' is already up-to-date
[Tue Apr 11 17:11:37 2023] Launched instruction_memory_synth_1...
Run output will be captured here: C:/Users/holden.ca/Desktop/lab7/lab7.runs/instruction_memory_synth_1/runme.log
export_simulation -of_objects [get_files C:/Users/holden.ca/Desktop/lab7/lab7.srcs/sources_1/ip/instruction_memory/instruction_memory.xci] -directory C:/Users/holden.ca/Desktop/lab7/lab7.ip_user_files/sim_scripts -ip_user_files_dir C:/Users/holden.ca/Desktop/lab7/lab7.ip_user_files -ipstatic_source_dir C:/Users/holden.ca/Desktop/lab7/lab7.ip_user_files/ipstatic -lib_map_path [list {modelsim=C:/Users/holden.ca/Desktop/lab7/lab7.cache/compile_simlib/modelsim} {questa=C:/Users/holden.ca/Desktop/lab7/lab7.cache/compile_simlib/questa} {riviera=C:/Users/holden.ca/Desktop/lab7/lab7.cache/compile_simlib/riviera} {activehdl=C:/Users/holden.ca/Desktop/lab7/lab7.cache/compile_simlib/activehdl}] -use_ip_compiled_libs -force -quiet
reset_run synth_1
INFO: [Project 1-1161] Replacing file C:/Users/holden.ca/Desktop/lab7/lab7.srcs/utils_1/imports/synth_1/alu_instrmem_top.dcp with file C:/Users/holden.ca/Desktop/lab7/lab7.runs/synth_1/alu_instrmem_top.dcp
WARNING: [Vivado 12-1017] Problems encountered:
1. Failed to delete one or more files in run directory C:/Users/holden.ca/Desktop/lab7/lab7.runs/synth_1

launch_runs impl_1 -to_step write_bitstream -jobs 8
[Tue Apr 11 17:11:54 2023] Launched synth_1...
Run output will be captured here: C:/Users/holden.ca/Desktop/lab7/lab7.runs/synth_1/runme.log
[Tue Apr 11 17:11:54 2023] Launched impl_1...
Run output will be captured here: C:/Users/holden.ca/Desktop/lab7/lab7.runs/impl_1/runme.log
add_files -fileset constrs_1 -norecurse C:/Users/holden.ca/Downloads/lab_7_constraint.xdc
import_files -fileset constrs_1 C:/Users/holden.ca/Downloads/lab_7_constraint.xdc
reset_run synth_1
INFO: [Project 1-1161] Replacing file C:/Users/holden.ca/Desktop/lab7/lab7.srcs/utils_1/imports/synth_1/alu_instrmem_top.dcp with file C:/Users/holden.ca/Desktop/lab7/lab7.runs/synth_1/alu_instrmem_top.dcp
WARNING: [Vivado 12-1017] Problems encountered:
1. Failed to delete one or more files in run directory C:/Users/holden.ca/Desktop/lab7/lab7.runs/synth_1

launch_runs impl_1 -to_step write_bitstream -jobs 8
[Tue Apr 11 17:14:21 2023] Launched synth_1...
Run output will be captured here: C:/Users/holden.ca/Desktop/lab7/lab7.runs/synth_1/runme.log
[Tue Apr 11 17:14:21 2023] Launched impl_1...
Run output will be captured here: C:/Users/holden.ca/Desktop/lab7/lab7.runs/impl_1/runme.log
set_property PROBES.FILE {C:/Users/holden.ca/Desktop/lab7/lab7.runs/impl_1/alu_instrmem_top.ltx} [get_hw_devices xc7z020_1]
set_property FULL_PROBES.FILE {C:/Users/holden.ca/Desktop/lab7/lab7.runs/impl_1/alu_instrmem_top.ltx} [get_hw_devices xc7z020_1]
set_property PROGRAM.FILE {C:/Users/holden.ca/Desktop/lab7/lab7.runs/impl_1/alu_instrmem_top.bit} [get_hw_devices xc7z020_1]
program_hw_devices [get_hw_devices xc7z020_1]
INFO: [Labtools 27-3164] End of startup status: HIGH
refresh_hw_device [lindex [get_hw_devices xc7z020_1] 0]
INFO: [Labtools 27-2302] Device xc7z020 (JTAG device index = 1) is programmed with a design that has 1 VIO core(s).
set_property PROBES.FILE {C:/Users/holden.ca/Desktop/lab7/lab7.runs/impl_1/alu_instrmem_top.ltx} [get_hw_devices xc7z020_1]
set_property FULL_PROBES.FILE {C:/Users/holden.ca/Desktop/lab7/lab7.runs/impl_1/alu_instrmem_top.ltx} [get_hw_devices xc7z020_1]
set_property PROGRAM.FILE {C:/Users/holden.ca/Desktop/lab7/lab7.runs/impl_1/alu_instrmem_top.bit} [get_hw_devices xc7z020_1]
program_hw_devices [get_hw_devices xc7z020_1]
INFO: [Labtools 27-3164] End of startup status: HIGH
refresh_hw_device [lindex [get_hw_devices xc7z020_1] 0]
INFO: [Labtools 27-2302] Device xc7z020 (JTAG device index = 1) is programmed with a design that has 1 VIO core(s).
reset_run impl_1 -prev_step 
launch_runs impl_1 -to_step write_bitstream -jobs 8
[Tue Apr 11 17:34:57 2023] Launched impl_1...
Run output will be captured here: C:/Users/holden.ca/Desktop/lab7/lab7.runs/impl_1/runme.log
open_run impl_1
INFO: [Device 21-403] Loading part xc7z020clg400-1
Netlist sorting complete. Time (s): cpu = 00:00:01 ; elapsed = 00:00:00.038 . Memory (MB): peak = 4152.906 ; gain = 0.000
INFO: [Netlist 29-17] Analyzing 231 Unisim elements for replacement
INFO: [Netlist 29-28] Unisim Transformation completed in 0 CPU seconds
INFO: [Project 1-479] Netlist was created with Vivado 2022.1
INFO: [Project 1-570] Preparing netlist for logic optimization
INFO: [Timing 38-478] Restoring timing data from binary archive.
INFO: [Timing 38-479] Binary timing data restore complete.
INFO: [Project 1-856] Restoring constraints from binary archive.
INFO: [Project 1-853] Binary constraint restore complete.
Reading XDEF placement.
Reading placer database...
Reading XDEF routing.
Read XDEF Files: Time (s): cpu = 00:00:00 ; elapsed = 00:00:00.176 . Memory (MB): peak = 4867.195 ; gain = 0.000
Restored from archive | CPU: 0.000000 secs | Memory: 0.000000 MB |
Finished XDEF File Restore: Time (s): cpu = 00:00:00 ; elapsed = 00:00:00.176 . Memory (MB): peak = 4867.195 ; gain = 0.000
Netlist sorting complete. Time (s): cpu = 00:00:00 ; elapsed = 00:00:00.001 . Memory (MB): peak = 4867.195 ; gain = 0.000
INFO: [Project 1-111] Unisim Transformation Summary:
  A total of 70 instances were transformed.
  RAM256X1S => RAM256X1S (MUXF7(x2), MUXF8, RAMS64E(x4)): 64 instances
  RAM32M => RAM32M (RAMD32(x6), RAMS32(x2)): 6 instances

open_run: Time (s): cpu = 00:00:22 ; elapsed = 00:00:14 . Memory (MB): peak = 5037.281 ; gain = 1256.930
WARNING: [Timing 38-436] There are set_bus_skew constraint(s) in this design. Please run report_bus_skew to ensure that bus skew requirements are met.
set_property PROBES.FILE {C:/Users/holden.ca/Desktop/lab7/lab7.runs/impl_1/alu_instrmem_top.ltx} [get_hw_devices xc7z020_1]
set_property FULL_PROBES.FILE {C:/Users/holden.ca/Desktop/lab7/lab7.runs/impl_1/alu_instrmem_top.ltx} [get_hw_devices xc7z020_1]
set_property PROGRAM.FILE {C:/Users/holden.ca/Desktop/lab7/lab7.runs/impl_1/alu_instrmem_top.bit} [get_hw_devices xc7z020_1]
program_hw_devices [get_hw_devices xc7z020_1]
INFO: [Labtools 27-3164] End of startup status: HIGH
refresh_hw_device [lindex [get_hw_devices xc7z020_1] 0]
INFO: [Labtools 27-2302] Device xc7z020 (JTAG device index = 1) is programmed with a design that has 1 VIO core(s).
set_property -dict [list CONFIG.coefficient_file {C:/Users/holden.ca/Downloads/output.coe}] [get_ips instruction_memory]
INFO: [IP_Flow 19-3484] Absolute path of file 'c:/Users/holden.ca/Downloads/output.coe' provided. It will be converted relative to IP Instance files '../../../../../../Downloads/output.coe'
generate_target all [get_files  C:/Users/holden.ca/Desktop/lab7/lab7.srcs/sources_1/ip/instruction_memory/instruction_memory.xci]
INFO: [IP_Flow 19-1686] Generating 'Instantiation Template' target for IP 'instruction_memory'...
INFO: [IP_Flow 19-1686] Generating 'Synthesis' target for IP 'instruction_memory'...
INFO: [IP_Flow 19-1686] Generating 'Simulation' target for IP 'instruction_memory'...
INFO: [IP_Flow 19-1686] Generating 'Change Log' target for IP 'instruction_memory'...
catch { config_ip_cache -export [get_ips -all instruction_memory] }
export_ip_user_files -of_objects [get_files C:/Users/holden.ca/Desktop/lab7/lab7.srcs/sources_1/ip/instruction_memory/instruction_memory.xci] -no_script -sync -force -quiet
reset_run instruction_memory_synth_1
WARNING: [Vivado 12-1017] Problems encountered:
1. Failed to delete one or more files in run directory C:/Users/holden.ca/Desktop/lab7/lab7.runs/instruction_memory_synth_1

launch_runs instruction_memory_synth_1 -jobs 8
[Tue Apr 11 17:38:44 2023] Launched instruction_memory_synth_1...
Run output will be captured here: C:/Users/holden.ca/Desktop/lab7/lab7.runs/instruction_memory_synth_1/runme.log
export_simulation -of_objects [get_files C:/Users/holden.ca/Desktop/lab7/lab7.srcs/sources_1/ip/instruction_memory/instruction_memory.xci] -directory C:/Users/holden.ca/Desktop/lab7/lab7.ip_user_files/sim_scripts -ip_user_files_dir C:/Users/holden.ca/Desktop/lab7/lab7.ip_user_files -ipstatic_source_dir C:/Users/holden.ca/Desktop/lab7/lab7.ip_user_files/ipstatic -lib_map_path [list {modelsim=C:/Users/holden.ca/Desktop/lab7/lab7.cache/compile_simlib/modelsim} {questa=C:/Users/holden.ca/Desktop/lab7/lab7.cache/compile_simlib/questa} {riviera=C:/Users/holden.ca/Desktop/lab7/lab7.cache/compile_simlib/riviera} {activehdl=C:/Users/holden.ca/Desktop/lab7/lab7.cache/compile_simlib/activehdl}] -use_ip_compiled_libs -force -quiet
reset_run synth_1
INFO: [Project 1-1161] Replacing file C:/Users/holden.ca/Desktop/lab7/lab7.srcs/utils_1/imports/synth_1/alu_instrmem_top.dcp with file C:/Users/holden.ca/Desktop/lab7/lab7.runs/synth_1/alu_instrmem_top.dcp
WARNING: [Vivado 12-1017] Problems encountered:
1. Failed to delete one or more files in run directory C:/Users/holden.ca/Desktop/lab7/lab7.runs/synth_1

launch_runs impl_1 -to_step write_bitstream -jobs 8
[Tue Apr 11 17:38:53 2023] Launched instruction_memory_synth_1, synth_1...
Run output will be captured here:
instruction_memory_synth_1: C:/Users/holden.ca/Desktop/lab7/lab7.runs/instruction_memory_synth_1/runme.log
synth_1: C:/Users/holden.ca/Desktop/lab7/lab7.runs/synth_1/runme.log
[Tue Apr 11 17:38:53 2023] Launched impl_1...
Run output will be captured here: C:/Users/holden.ca/Desktop/lab7/lab7.runs/impl_1/runme.log
set_property PROBES.FILE {C:/Users/holden.ca/Desktop/lab7/lab7.runs/impl_1/alu_instrmem_top.ltx} [get_hw_devices xc7z020_1]
set_property FULL_PROBES.FILE {C:/Users/holden.ca/Desktop/lab7/lab7.runs/impl_1/alu_instrmem_top.ltx} [get_hw_devices xc7z020_1]
set_property PROGRAM.FILE {C:/Users/holden.ca/Desktop/lab7/lab7.runs/impl_1/alu_instrmem_top.bit} [get_hw_devices xc7z020_1]
program_hw_devices [get_hw_devices xc7z020_1]
INFO: [Labtools 27-3164] End of startup status: HIGH
refresh_hw_device [lindex [get_hw_devices xc7z020_1] 0]
INFO: [Labtools 27-2302] Device xc7z020 (JTAG device index = 1) is programmed with a design that has 1 VIO core(s).
set_property -dict [list CONFIG.coefficient_file {C:/Users/holden.ca/Downloads/output.coe}] [get_ips instruction_memory]
INFO: [IP_Flow 19-3484] Absolute path of file 'c:/Users/holden.ca/Downloads/output.coe' provided. It will be converted relative to IP Instance files '../../../../../../Downloads/output.coe'
generate_target all [get_files  C:/Users/holden.ca/Desktop/lab7/lab7.srcs/sources_1/ip/instruction_memory/instruction_memory.xci]
INFO: [IP_Flow 19-1686] Generating 'Instantiation Template' target for IP 'instruction_memory'...
INFO: [IP_Flow 19-1686] Generating 'Synthesis' target for IP 'instruction_memory'...
INFO: [IP_Flow 19-1686] Generating 'Simulation' target for IP 'instruction_memory'...
INFO: [IP_Flow 19-1686] Generating 'Change Log' target for IP 'instruction_memory'...
catch { config_ip_cache -export [get_ips -all instruction_memory] }
INFO: [IP_Flow 19-4993] Using cached IP synthesis design for IP instruction_memory, cache-ID = e7f18d392b48cd94; cache size = 5.844 MB.
catch { [ delete_ip_run [get_ips -all instruction_memory] ] }
WARNING: [Vivado 12-1017] Problems encountered:
1. Failed to delete one or more files in run directory C:/Users/holden.ca/Desktop/lab7/lab7.runs/instruction_memory_synth_1

INFO: [Project 1-386] Moving file 'C:/Users/holden.ca/Desktop/lab7/lab7.srcs/sources_1/ip/instruction_memory/instruction_memory.xci' from fileset 'instruction_memory' to fileset 'sources_1'.
export_ip_user_files -of_objects [get_files C:/Users/holden.ca/Desktop/lab7/lab7.srcs/sources_1/ip/instruction_memory/instruction_memory.xci] -no_script -sync -force -quiet
create_ip_run [get_files -of_objects [get_fileset sources_1] C:/Users/holden.ca/Desktop/lab7/lab7.srcs/sources_1/ip/instruction_memory/instruction_memory.xci]
INFO: [Vivado 12-3453] The given sub-design is up-to-date, no action was taken.  If a run is still desired, use the '-force' option for the file:'C:/Users/holden.ca/Desktop/lab7/lab7.srcs/sources_1/ip/instruction_memory/instruction_memory.xci'
export_simulation -of_objects [get_files C:/Users/holden.ca/Desktop/lab7/lab7.srcs/sources_1/ip/instruction_memory/instruction_memory.xci] -directory C:/Users/holden.ca/Desktop/lab7/lab7.ip_user_files/sim_scripts -ip_user_files_dir C:/Users/holden.ca/Desktop/lab7/lab7.ip_user_files -ipstatic_source_dir C:/Users/holden.ca/Desktop/lab7/lab7.ip_user_files/ipstatic -lib_map_path [list {modelsim=C:/Users/holden.ca/Desktop/lab7/lab7.cache/compile_simlib/modelsim} {questa=C:/Users/holden.ca/Desktop/lab7/lab7.cache/compile_simlib/questa} {riviera=C:/Users/holden.ca/Desktop/lab7/lab7.cache/compile_simlib/riviera} {activehdl=C:/Users/holden.ca/Desktop/lab7/lab7.cache/compile_simlib/activehdl}] -use_ip_compiled_libs -force -quiet
update_compile_order -fileset sources_1
reset_run synth_1
INFO: [Project 1-1161] Replacing file C:/Users/holden.ca/Desktop/lab7/lab7.srcs/utils_1/imports/synth_1/alu_instrmem_top.dcp with file C:/Users/holden.ca/Desktop/lab7/lab7.runs/synth_1/alu_instrmem_top.dcp
WARNING: [Vivado 12-1017] Problems encountered:
1. Failed to delete one or more files in run directory C:/Users/holden.ca/Desktop/lab7/lab7.runs/synth_1

launch_runs impl_1 -to_step write_bitstream -jobs 8
INFO: [Vivado 12-4149] The synthesis checkpoint for IP 'C:/Users/holden.ca/Desktop/lab7/lab7.srcs/sources_1/ip/instruction_memory/instruction_memory.xci' is already up-to-date
[Tue Apr 11 17:47:49 2023] Launched synth_1...
Run output will be captured here: C:/Users/holden.ca/Desktop/lab7/lab7.runs/synth_1/runme.log
[Tue Apr 11 17:47:49 2023] Launched impl_1...
Run output will be captured here: C:/Users/holden.ca/Desktop/lab7/lab7.runs/impl_1/runme.log
set_property PROBES.FILE {C:/Users/holden.ca/Desktop/lab7/lab7.runs/impl_1/alu_instrmem_top.ltx} [get_hw_devices xc7z020_1]
set_property FULL_PROBES.FILE {C:/Users/holden.ca/Desktop/lab7/lab7.runs/impl_1/alu_instrmem_top.ltx} [get_hw_devices xc7z020_1]
set_property PROGRAM.FILE {C:/Users/holden.ca/Desktop/lab7/lab7.runs/impl_1/alu_instrmem_top.bit} [get_hw_devices xc7z020_1]
program_hw_devices [get_hw_devices xc7z020_1]
INFO: [Labtools 27-3164] End of startup status: HIGH
refresh_hw_device [lindex [get_hw_devices xc7z020_1] 0]
INFO: [Labtools 27-2302] Device xc7z020 (JTAG device index = 1) is programmed with a design that has 1 VIO core(s).
set_property -dict [list CONFIG.coefficient_file {C:/Users/holden.ca/Downloads/output.coe}] [get_ips instruction_memory]
INFO: [IP_Flow 19-3484] Absolute path of file 'c:/Users/holden.ca/Downloads/output.coe' provided. It will be converted relative to IP Instance files '../../../../../../Downloads/output.coe'
generate_target all [get_files  C:/Users/holden.ca/Desktop/lab7/lab7.srcs/sources_1/ip/instruction_memory/instruction_memory.xci]
INFO: [IP_Flow 19-1686] Generating 'Instantiation Template' target for IP 'instruction_memory'...
INFO: [IP_Flow 19-1686] Generating 'Synthesis' target for IP 'instruction_memory'...
INFO: [IP_Flow 19-1686] Generating 'Simulation' target for IP 'instruction_memory'...
INFO: [IP_Flow 19-1686] Generating 'Change Log' target for IP 'instruction_memory'...
catch { config_ip_cache -export [get_ips -all instruction_memory] }
export_ip_user_files -of_objects [get_files C:/Users/holden.ca/Desktop/lab7/lab7.srcs/sources_1/ip/instruction_memory/instruction_memory.xci] -no_script -sync -force -quiet
create_ip_run [get_files -of_objects [get_fileset sources_1] C:/Users/holden.ca/Desktop/lab7/lab7.srcs/sources_1/ip/instruction_memory/instruction_memory.xci]
launch_runs instruction_memory_synth_1 -jobs 8
[Tue Apr 11 18:03:47 2023] Launched instruction_memory_synth_1...
Run output will be captured here: C:/Users/holden.ca/Desktop/lab7/lab7.runs/instruction_memory_synth_1/runme.log
export_simulation -of_objects [get_files C:/Users/holden.ca/Desktop/lab7/lab7.srcs/sources_1/ip/instruction_memory/instruction_memory.xci] -directory C:/Users/holden.ca/Desktop/lab7/lab7.ip_user_files/sim_scripts -ip_user_files_dir C:/Users/holden.ca/Desktop/lab7/lab7.ip_user_files -ipstatic_source_dir C:/Users/holden.ca/Desktop/lab7/lab7.ip_user_files/ipstatic -lib_map_path [list {modelsim=C:/Users/holden.ca/Desktop/lab7/lab7.cache/compile_simlib/modelsim} {questa=C:/Users/holden.ca/Desktop/lab7/lab7.cache/compile_simlib/questa} {riviera=C:/Users/holden.ca/Desktop/lab7/lab7.cache/compile_simlib/riviera} {activehdl=C:/Users/holden.ca/Desktop/lab7/lab7.cache/compile_simlib/activehdl}] -use_ip_compiled_libs -force -quiet
reset_run synth_1
INFO: [Project 1-1161] Replacing file C:/Users/holden.ca/Desktop/lab7/lab7.srcs/utils_1/imports/synth_1/alu_instrmem_top.dcp with file C:/Users/holden.ca/Desktop/lab7/lab7.runs/synth_1/alu_instrmem_top.dcp
WARNING: [Vivado 12-1017] Problems encountered:
1. Failed to delete one or more files in run directory C:/Users/holden.ca/Desktop/lab7/lab7.runs/synth_1

launch_runs impl_1 -to_step write_bitstream -jobs 8
[Tue Apr 11 18:03:56 2023] Launched instruction_memory_synth_1, synth_1...
Run output will be captured here:
instruction_memory_synth_1: C:/Users/holden.ca/Desktop/lab7/lab7.runs/instruction_memory_synth_1/runme.log
synth_1: C:/Users/holden.ca/Desktop/lab7/lab7.runs/synth_1/runme.log
[Tue Apr 11 18:03:56 2023] Launched impl_1...
Run output will be captured here: C:/Users/holden.ca/Desktop/lab7/lab7.runs/impl_1/runme.log
set_property PROBES.FILE {C:/Users/holden.ca/Desktop/lab7/lab7.runs/impl_1/alu_instrmem_top.ltx} [get_hw_devices xc7z020_1]
set_property FULL_PROBES.FILE {C:/Users/holden.ca/Desktop/lab7/lab7.runs/impl_1/alu_instrmem_top.ltx} [get_hw_devices xc7z020_1]
set_property PROGRAM.FILE {C:/Users/holden.ca/Desktop/lab7/lab7.runs/impl_1/alu_instrmem_top.bit} [get_hw_devices xc7z020_1]
program_hw_devices [get_hw_devices xc7z020_1]
INFO: [Labtools 27-3164] End of startup status: HIGH
refresh_hw_device [lindex [get_hw_devices xc7z020_1] 0]
INFO: [Labtools 27-2302] Device xc7z020 (JTAG device index = 1) is programmed with a design that has 1 VIO core(s).
set_property -dict [list CONFIG.coefficient_file {C:/Users/holden.ca/Downloads/output.coe}] [get_ips instruction_memory]
INFO: [IP_Flow 19-3484] Absolute path of file 'c:/Users/holden.ca/Downloads/output.coe' provided. It will be converted relative to IP Instance files '../../../../../../Downloads/output.coe'
generate_target all [get_files  C:/Users/holden.ca/Desktop/lab7/lab7.srcs/sources_1/ip/instruction_memory/instruction_memory.xci]
INFO: [IP_Flow 19-1686] Generating 'Instantiation Template' target for IP 'instruction_memory'...
INFO: [IP_Flow 19-1686] Generating 'Synthesis' target for IP 'instruction_memory'...
INFO: [IP_Flow 19-1686] Generating 'Simulation' target for IP 'instruction_memory'...
INFO: [IP_Flow 19-1686] Generating 'Change Log' target for IP 'instruction_memory'...
catch { config_ip_cache -export [get_ips -all instruction_memory] }
export_ip_user_files -of_objects [get_files C:/Users/holden.ca/Desktop/lab7/lab7.srcs/sources_1/ip/instruction_memory/instruction_memory.xci] -no_script -sync -force -quiet
reset_run instruction_memory_synth_1
WARNING: [Vivado 12-1017] Problems encountered:
1. Failed to delete one or more files in run directory C:/Users/holden.ca/Desktop/lab7/lab7.runs/instruction_memory_synth_1

launch_runs instruction_memory_synth_1 -jobs 8
[Tue Apr 11 18:24:32 2023] Launched instruction_memory_synth_1...
Run output will be captured here: C:/Users/holden.ca/Desktop/lab7/lab7.runs/instruction_memory_synth_1/runme.log
export_simulation -of_objects [get_files C:/Users/holden.ca/Desktop/lab7/lab7.srcs/sources_1/ip/instruction_memory/instruction_memory.xci] -directory C:/Users/holden.ca/Desktop/lab7/lab7.ip_user_files/sim_scripts -ip_user_files_dir C:/Users/holden.ca/Desktop/lab7/lab7.ip_user_files -ipstatic_source_dir C:/Users/holden.ca/Desktop/lab7/lab7.ip_user_files/ipstatic -lib_map_path [list {modelsim=C:/Users/holden.ca/Desktop/lab7/lab7.cache/compile_simlib/modelsim} {questa=C:/Users/holden.ca/Desktop/lab7/lab7.cache/compile_simlib/questa} {riviera=C:/Users/holden.ca/Desktop/lab7/lab7.cache/compile_simlib/riviera} {activehdl=C:/Users/holden.ca/Desktop/lab7/lab7.cache/compile_simlib/activehdl}] -use_ip_compiled_libs -force -quiet
reset_run synth_1
INFO: [Project 1-1161] Replacing file C:/Users/holden.ca/Desktop/lab7/lab7.srcs/utils_1/imports/synth_1/alu_instrmem_top.dcp with file C:/Users/holden.ca/Desktop/lab7/lab7.runs/synth_1/alu_instrmem_top.dcp
WARNING: [Vivado 12-1017] Problems encountered:
1. Failed to delete one or more files in run directory C:/Users/holden.ca/Desktop/lab7/lab7.runs/synth_1

launch_runs impl_1 -to_step write_bitstream -jobs 8
[Tue Apr 11 18:24:41 2023] Launched instruction_memory_synth_1, synth_1...
Run output will be captured here:
instruction_memory_synth_1: C:/Users/holden.ca/Desktop/lab7/lab7.runs/instruction_memory_synth_1/runme.log
synth_1: C:/Users/holden.ca/Desktop/lab7/lab7.runs/synth_1/runme.log
[Tue Apr 11 18:24:41 2023] Launched impl_1...
Run output will be captured here: C:/Users/holden.ca/Desktop/lab7/lab7.runs/impl_1/runme.log
set_property PROBES.FILE {C:/Users/holden.ca/Desktop/lab7/lab7.runs/impl_1/alu_instrmem_top.ltx} [get_hw_devices xc7z020_1]
set_property FULL_PROBES.FILE {C:/Users/holden.ca/Desktop/lab7/lab7.runs/impl_1/alu_instrmem_top.ltx} [get_hw_devices xc7z020_1]
set_property PROGRAM.FILE {C:/Users/holden.ca/Desktop/lab7/lab7.runs/impl_1/alu_instrmem_top.bit} [get_hw_devices xc7z020_1]
program_hw_devices [get_hw_devices xc7z020_1]
INFO: [Labtools 27-3164] End of startup status: HIGH
refresh_hw_device [lindex [get_hw_devices xc7z020_1] 0]
INFO: [Labtools 27-2302] Device xc7z020 (JTAG device index = 1) is programmed with a design that has 1 VIO core(s).
set_property -dict [list CONFIG.coefficient_file {C:/Users/holden.ca/Downloads/output.coe}] [get_ips instruction_memory]
INFO: [IP_Flow 19-3484] Absolute path of file 'c:/Users/holden.ca/Downloads/output.coe' provided. It will be converted relative to IP Instance files '../../../../../../Downloads/output.coe'
generate_target all [get_files  C:/Users/holden.ca/Desktop/lab7/lab7.srcs/sources_1/ip/instruction_memory/instruction_memory.xci]
INFO: [IP_Flow 19-1686] Generating 'Instantiation Template' target for IP 'instruction_memory'...
INFO: [IP_Flow 19-1686] Generating 'Synthesis' target for IP 'instruction_memory'...
INFO: [IP_Flow 19-1686] Generating 'Simulation' target for IP 'instruction_memory'...
INFO: [IP_Flow 19-1686] Generating 'Change Log' target for IP 'instruction_memory'...
catch { config_ip_cache -export [get_ips -all instruction_memory] }
export_ip_user_files -of_objects [get_files C:/Users/holden.ca/Desktop/lab7/lab7.srcs/sources_1/ip/instruction_memory/instruction_memory.xci] -no_script -sync -force -quiet
reset_run instruction_memory_synth_1
WARNING: [Vivado 12-1017] Problems encountered:
1. Failed to delete one or more files in run directory C:/Users/holden.ca/Desktop/lab7/lab7.runs/instruction_memory_synth_1

launch_runs instruction_memory_synth_1 -jobs 8
[Tue Apr 11 18:32:47 2023] Launched instruction_memory_synth_1...
Run output will be captured here: C:/Users/holden.ca/Desktop/lab7/lab7.runs/instruction_memory_synth_1/runme.log
export_simulation -of_objects [get_files C:/Users/holden.ca/Desktop/lab7/lab7.srcs/sources_1/ip/instruction_memory/instruction_memory.xci] -directory C:/Users/holden.ca/Desktop/lab7/lab7.ip_user_files/sim_scripts -ip_user_files_dir C:/Users/holden.ca/Desktop/lab7/lab7.ip_user_files -ipstatic_source_dir C:/Users/holden.ca/Desktop/lab7/lab7.ip_user_files/ipstatic -lib_map_path [list {modelsim=C:/Users/holden.ca/Desktop/lab7/lab7.cache/compile_simlib/modelsim} {questa=C:/Users/holden.ca/Desktop/lab7/lab7.cache/compile_simlib/questa} {riviera=C:/Users/holden.ca/Desktop/lab7/lab7.cache/compile_simlib/riviera} {activehdl=C:/Users/holden.ca/Desktop/lab7/lab7.cache/compile_simlib/activehdl}] -use_ip_compiled_libs -force -quiet
reset_run synth_1
INFO: [Project 1-1161] Replacing file C:/Users/holden.ca/Desktop/lab7/lab7.srcs/utils_1/imports/synth_1/alu_instrmem_top.dcp with file C:/Users/holden.ca/Desktop/lab7/lab7.runs/synth_1/alu_instrmem_top.dcp
WARNING: [Vivado 12-1017] Problems encountered:
1. Failed to delete one or more files in run directory C:/Users/holden.ca/Desktop/lab7/lab7.runs/synth_1

launch_runs impl_1 -to_step write_bitstream -jobs 8
[Tue Apr 11 18:33:47 2023] Launched synth_1...
Run output will be captured here: C:/Users/holden.ca/Desktop/lab7/lab7.runs/synth_1/runme.log
[Tue Apr 11 18:33:47 2023] Launched impl_1...
Run output will be captured here: C:/Users/holden.ca/Desktop/lab7/lab7.runs/impl_1/runme.log
set_property PROBES.FILE {C:/Users/holden.ca/Desktop/lab7/lab7.runs/impl_1/alu_instrmem_top.ltx} [get_hw_devices xc7z020_1]
set_property FULL_PROBES.FILE {C:/Users/holden.ca/Desktop/lab7/lab7.runs/impl_1/alu_instrmem_top.ltx} [get_hw_devices xc7z020_1]
set_property PROGRAM.FILE {C:/Users/holden.ca/Desktop/lab7/lab7.runs/impl_1/alu_instrmem_top.bit} [get_hw_devices xc7z020_1]
program_hw_devices [get_hw_devices xc7z020_1]
INFO: [Labtools 27-3164] End of startup status: HIGH
refresh_hw_device [lindex [get_hw_devices xc7z020_1] 0]
INFO: [Labtools 27-2302] Device xc7z020 (JTAG device index = 1) is programmed with a design that has 1 VIO core(s).
set_property -dict [list CONFIG.coefficient_file {C:/Users/holden.ca/Downloads/output.coe}] [get_ips instruction_memory]
INFO: [IP_Flow 19-3484] Absolute path of file 'c:/Users/holden.ca/Downloads/output.coe' provided. It will be converted relative to IP Instance files '../../../../../../Downloads/output.coe'
generate_target all [get_files  C:/Users/holden.ca/Desktop/lab7/lab7.srcs/sources_1/ip/instruction_memory/instruction_memory.xci]
INFO: [IP_Flow 19-1686] Generating 'Instantiation Template' target for IP 'instruction_memory'...
INFO: [IP_Flow 19-1686] Generating 'Synthesis' target for IP 'instruction_memory'...
INFO: [IP_Flow 19-1686] Generating 'Simulation' target for IP 'instruction_memory'...
INFO: [IP_Flow 19-1686] Generating 'Change Log' target for IP 'instruction_memory'...
catch { config_ip_cache -export [get_ips -all instruction_memory] }
export_ip_user_files -of_objects [get_files C:/Users/holden.ca/Desktop/lab7/lab7.srcs/sources_1/ip/instruction_memory/instruction_memory.xci] -no_script -sync -force -quiet
reset_run instruction_memory_synth_1
WARNING: [Vivado 12-1017] Problems encountered:
1. Failed to delete one or more files in run directory C:/Users/holden.ca/Desktop/lab7/lab7.runs/instruction_memory_synth_1

launch_runs instruction_memory_synth_1 -jobs 8
[Tue Apr 11 18:42:11 2023] Launched instruction_memory_synth_1...
Run output will be captured here: C:/Users/holden.ca/Desktop/lab7/lab7.runs/instruction_memory_synth_1/runme.log
export_simulation -of_objects [get_files C:/Users/holden.ca/Desktop/lab7/lab7.srcs/sources_1/ip/instruction_memory/instruction_memory.xci] -directory C:/Users/holden.ca/Desktop/lab7/lab7.ip_user_files/sim_scripts -ip_user_files_dir C:/Users/holden.ca/Desktop/lab7/lab7.ip_user_files -ipstatic_source_dir C:/Users/holden.ca/Desktop/lab7/lab7.ip_user_files/ipstatic -lib_map_path [list {modelsim=C:/Users/holden.ca/Desktop/lab7/lab7.cache/compile_simlib/modelsim} {questa=C:/Users/holden.ca/Desktop/lab7/lab7.cache/compile_simlib/questa} {riviera=C:/Users/holden.ca/Desktop/lab7/lab7.cache/compile_simlib/riviera} {activehdl=C:/Users/holden.ca/Desktop/lab7/lab7.cache/compile_simlib/activehdl}] -use_ip_compiled_libs -force -quiet
reset_run synth_1
INFO: [Project 1-1161] Replacing file C:/Users/holden.ca/Desktop/lab7/lab7.srcs/utils_1/imports/synth_1/alu_instrmem_top.dcp with file C:/Users/holden.ca/Desktop/lab7/lab7.runs/synth_1/alu_instrmem_top.dcp
WARNING: [Vivado 12-1017] Problems encountered:
1. Failed to delete one or more files in run directory C:/Users/holden.ca/Desktop/lab7/lab7.runs/synth_1

launch_runs impl_1 -to_step write_bitstream -jobs 8
[Tue Apr 11 18:42:18 2023] Launched instruction_memory_synth_1, synth_1...
Run output will be captured here:
instruction_memory_synth_1: C:/Users/holden.ca/Desktop/lab7/lab7.runs/instruction_memory_synth_1/runme.log
synth_1: C:/Users/holden.ca/Desktop/lab7/lab7.runs/synth_1/runme.log
[Tue Apr 11 18:42:18 2023] Launched impl_1...
Run output will be captured here: C:/Users/holden.ca/Desktop/lab7/lab7.runs/impl_1/runme.log
set_property PROBES.FILE {C:/Users/holden.ca/Desktop/lab7/lab7.runs/impl_1/alu_instrmem_top.ltx} [get_hw_devices xc7z020_1]
set_property FULL_PROBES.FILE {C:/Users/holden.ca/Desktop/lab7/lab7.runs/impl_1/alu_instrmem_top.ltx} [get_hw_devices xc7z020_1]
set_property PROGRAM.FILE {C:/Users/holden.ca/Desktop/lab7/lab7.runs/impl_1/alu_instrmem_top.bit} [get_hw_devices xc7z020_1]
program_hw_devices [get_hw_devices xc7z020_1]
INFO: [Labtools 27-3164] End of startup status: HIGH
refresh_hw_device [lindex [get_hw_devices xc7z020_1] 0]
INFO: [Labtools 27-2302] Device xc7z020 (JTAG device index = 1) is programmed with a design that has 1 VIO core(s).
set_property -dict [list CONFIG.coefficient_file {C:/Users/holden.ca/Downloads/output.coe}] [get_ips instruction_memory]
INFO: [IP_Flow 19-3484] Absolute path of file 'c:/Users/holden.ca/Downloads/output.coe' provided. It will be converted relative to IP Instance files '../../../../../../Downloads/output.coe'
generate_target all [get_files  C:/Users/holden.ca/Desktop/lab7/lab7.srcs/sources_1/ip/instruction_memory/instruction_memory.xci]
INFO: [IP_Flow 19-1686] Generating 'Instantiation Template' target for IP 'instruction_memory'...
INFO: [IP_Flow 19-1686] Generating 'Synthesis' target for IP 'instruction_memory'...
INFO: [IP_Flow 19-1686] Generating 'Simulation' target for IP 'instruction_memory'...
INFO: [IP_Flow 19-1686] Generating 'Change Log' target for IP 'instruction_memory'...
catch { config_ip_cache -export [get_ips -all instruction_memory] }
export_ip_user_files -of_objects [get_files C:/Users/holden.ca/Desktop/lab7/lab7.srcs/sources_1/ip/instruction_memory/instruction_memory.xci] -no_script -sync -force -quiet
reset_run instruction_memory_synth_1
WARNING: [Vivado 12-1017] Problems encountered:
1. Failed to delete one or more files in run directory C:/Users/holden.ca/Desktop/lab7/lab7.runs/instruction_memory_synth_1

launch_runs instruction_memory_synth_1 -jobs 8
[Tue Apr 11 19:01:17 2023] Launched instruction_memory_synth_1...
Run output will be captured here: C:/Users/holden.ca/Desktop/lab7/lab7.runs/instruction_memory_synth_1/runme.log
export_simulation -of_objects [get_files C:/Users/holden.ca/Desktop/lab7/lab7.srcs/sources_1/ip/instruction_memory/instruction_memory.xci] -directory C:/Users/holden.ca/Desktop/lab7/lab7.ip_user_files/sim_scripts -ip_user_files_dir C:/Users/holden.ca/Desktop/lab7/lab7.ip_user_files -ipstatic_source_dir C:/Users/holden.ca/Desktop/lab7/lab7.ip_user_files/ipstatic -lib_map_path [list {modelsim=C:/Users/holden.ca/Desktop/lab7/lab7.cache/compile_simlib/modelsim} {questa=C:/Users/holden.ca/Desktop/lab7/lab7.cache/compile_simlib/questa} {riviera=C:/Users/holden.ca/Desktop/lab7/lab7.cache/compile_simlib/riviera} {activehdl=C:/Users/holden.ca/Desktop/lab7/lab7.cache/compile_simlib/activehdl}] -use_ip_compiled_libs -force -quiet
reset_run synth_1
INFO: [Project 1-1161] Replacing file C:/Users/holden.ca/Desktop/lab7/lab7.srcs/utils_1/imports/synth_1/alu_instrmem_top.dcp with file C:/Users/holden.ca/Desktop/lab7/lab7.runs/synth_1/alu_instrmem_top.dcp
WARNING: [Vivado 12-1017] Problems encountered:
1. Failed to delete one or more files in run directory C:/Users/holden.ca/Desktop/lab7/lab7.runs/synth_1

launch_runs impl_1 -to_step write_bitstream -jobs 8
[Tue Apr 11 19:01:25 2023] Launched instruction_memory_synth_1, synth_1...
Run output will be captured here:
instruction_memory_synth_1: C:/Users/holden.ca/Desktop/lab7/lab7.runs/instruction_memory_synth_1/runme.log
synth_1: C:/Users/holden.ca/Desktop/lab7/lab7.runs/synth_1/runme.log
[Tue Apr 11 19:01:25 2023] Launched impl_1...
Run output will be captured here: C:/Users/holden.ca/Desktop/lab7/lab7.runs/impl_1/runme.log
set_property PROBES.FILE {C:/Users/holden.ca/Desktop/lab7/lab7.runs/impl_1/alu_instrmem_top.ltx} [get_hw_devices xc7z020_1]
set_property FULL_PROBES.FILE {C:/Users/holden.ca/Desktop/lab7/lab7.runs/impl_1/alu_instrmem_top.ltx} [get_hw_devices xc7z020_1]
set_property PROGRAM.FILE {C:/Users/holden.ca/Desktop/lab7/lab7.runs/impl_1/alu_instrmem_top.bit} [get_hw_devices xc7z020_1]
program_hw_devices [get_hw_devices xc7z020_1]
INFO: [Labtools 27-3164] End of startup status: HIGH
refresh_hw_device [lindex [get_hw_devices xc7z020_1] 0]
INFO: [Labtools 27-2302] Device xc7z020 (JTAG device index = 1) is programmed with a design that has 1 VIO core(s).
reset_run synth_1
INFO: [Project 1-1161] Replacing file C:/Users/holden.ca/Desktop/lab7/lab7.srcs/utils_1/imports/synth_1/alu_instrmem_top.dcp with file C:/Users/holden.ca/Desktop/lab7/lab7.runs/synth_1/alu_instrmem_top.dcp
WARNING: [Vivado 12-1017] Problems encountered:
1. Failed to delete one or more files in run directory C:/Users/holden.ca/Desktop/lab7/lab7.runs/synth_1

launch_runs impl_1 -to_step write_bitstream -jobs 8
[Tue Apr 11 19:26:06 2023] Launched synth_1...
Run output will be captured here: C:/Users/holden.ca/Desktop/lab7/lab7.runs/synth_1/runme.log
[Tue Apr 11 19:26:06 2023] Launched impl_1...
Run output will be captured here: C:/Users/holden.ca/Desktop/lab7/lab7.runs/impl_1/runme.log
set_property PROBES.FILE {C:/Users/holden.ca/Desktop/lab7/lab7.runs/impl_1/alu_instrmem_top.ltx} [get_hw_devices xc7z020_1]
set_property FULL_PROBES.FILE {C:/Users/holden.ca/Desktop/lab7/lab7.runs/impl_1/alu_instrmem_top.ltx} [get_hw_devices xc7z020_1]
set_property PROGRAM.FILE {C:/Users/holden.ca/Desktop/lab7/lab7.runs/impl_1/alu_instrmem_top.bit} [get_hw_devices xc7z020_1]
program_hw_devices [get_hw_devices xc7z020_1]
INFO: [Labtools 27-3164] End of startup status: HIGH
refresh_hw_device [lindex [get_hw_devices xc7z020_1] 0]
INFO: [Labtools 27-2302] Device xc7z020 (JTAG device index = 1) is programmed with a design that has 1 VIO core(s).
set_property -dict [list CONFIG.coefficient_file {C:/Users/holden.ca/Downloads/output.coe}] [get_ips instruction_memory]
INFO: [IP_Flow 19-3484] Absolute path of file 'c:/Users/holden.ca/Downloads/output.coe' provided. It will be converted relative to IP Instance files '../../../../../../Downloads/output.coe'
generate_target all [get_files  C:/Users/holden.ca/Desktop/lab7/lab7.srcs/sources_1/ip/instruction_memory/instruction_memory.xci]
INFO: [IP_Flow 19-1686] Generating 'Instantiation Template' target for IP 'instruction_memory'...
INFO: [IP_Flow 19-1686] Generating 'Synthesis' target for IP 'instruction_memory'...
INFO: [IP_Flow 19-1686] Generating 'Simulation' target for IP 'instruction_memory'...
INFO: [IP_Flow 19-1686] Generating 'Change Log' target for IP 'instruction_memory'...
catch { config_ip_cache -export [get_ips -all instruction_memory] }
export_ip_user_files -of_objects [get_files C:/Users/holden.ca/Desktop/lab7/lab7.srcs/sources_1/ip/instruction_memory/instruction_memory.xci] -no_script -sync -force -quiet
reset_run instruction_memory_synth_1
WARNING: [Vivado 12-1017] Problems encountered:
1. Failed to delete one or more files in run directory C:/Users/holden.ca/Desktop/lab7/lab7.runs/instruction_memory_synth_1

launch_runs instruction_memory_synth_1 -jobs 8
[Tue Apr 11 19:33:33 2023] Launched instruction_memory_synth_1...
Run output will be captured here: C:/Users/holden.ca/Desktop/lab7/lab7.runs/instruction_memory_synth_1/runme.log
export_simulation -of_objects [get_files C:/Users/holden.ca/Desktop/lab7/lab7.srcs/sources_1/ip/instruction_memory/instruction_memory.xci] -directory C:/Users/holden.ca/Desktop/lab7/lab7.ip_user_files/sim_scripts -ip_user_files_dir C:/Users/holden.ca/Desktop/lab7/lab7.ip_user_files -ipstatic_source_dir C:/Users/holden.ca/Desktop/lab7/lab7.ip_user_files/ipstatic -lib_map_path [list {modelsim=C:/Users/holden.ca/Desktop/lab7/lab7.cache/compile_simlib/modelsim} {questa=C:/Users/holden.ca/Desktop/lab7/lab7.cache/compile_simlib/questa} {riviera=C:/Users/holden.ca/Desktop/lab7/lab7.cache/compile_simlib/riviera} {activehdl=C:/Users/holden.ca/Desktop/lab7/lab7.cache/compile_simlib/activehdl}] -use_ip_compiled_libs -force -quiet
reset_run synth_1
INFO: [Project 1-1161] Replacing file C:/Users/holden.ca/Desktop/lab7/lab7.srcs/utils_1/imports/synth_1/alu_instrmem_top.dcp with file C:/Users/holden.ca/Desktop/lab7/lab7.runs/synth_1/alu_instrmem_top.dcp
WARNING: [Vivado 12-1017] Problems encountered:
1. Failed to delete one or more files in run directory C:/Users/holden.ca/Desktop/lab7/lab7.runs/synth_1

launch_runs impl_1 -to_step write_bitstream -jobs 8
[Tue Apr 11 19:33:50 2023] Launched instruction_memory_synth_1, synth_1...
Run output will be captured here:
instruction_memory_synth_1: C:/Users/holden.ca/Desktop/lab7/lab7.runs/instruction_memory_synth_1/runme.log
synth_1: C:/Users/holden.ca/Desktop/lab7/lab7.runs/synth_1/runme.log
[Tue Apr 11 19:33:50 2023] Launched impl_1...
Run output will be captured here: C:/Users/holden.ca/Desktop/lab7/lab7.runs/impl_1/runme.log
set_property PROBES.FILE {C:/Users/holden.ca/Desktop/lab7/lab7.runs/impl_1/alu_instrmem_top.ltx} [get_hw_devices xc7z020_1]
set_property FULL_PROBES.FILE {C:/Users/holden.ca/Desktop/lab7/lab7.runs/impl_1/alu_instrmem_top.ltx} [get_hw_devices xc7z020_1]
set_property PROGRAM.FILE {C:/Users/holden.ca/Desktop/lab7/lab7.runs/impl_1/alu_instrmem_top.bit} [get_hw_devices xc7z020_1]
program_hw_devices [get_hw_devices xc7z020_1]
INFO: [Labtools 27-3164] End of startup status: HIGH
refresh_hw_device [lindex [get_hw_devices xc7z020_1] 0]
INFO: [Labtools 27-2302] Device xc7z020 (JTAG device index = 1) is programmed with a design that has 1 VIO core(s).
set_property -dict [list CONFIG.coefficient_file {C:/Users/holden.ca/Downloads/output.coe}] [get_ips instruction_memory]
INFO: [IP_Flow 19-3484] Absolute path of file 'c:/Users/holden.ca/Downloads/output.coe' provided. It will be converted relative to IP Instance files '../../../../../../Downloads/output.coe'
generate_target all [get_files  C:/Users/holden.ca/Desktop/lab7/lab7.srcs/sources_1/ip/instruction_memory/instruction_memory.xci]
INFO: [IP_Flow 19-1686] Generating 'Instantiation Template' target for IP 'instruction_memory'...
INFO: [IP_Flow 19-1686] Generating 'Synthesis' target for IP 'instruction_memory'...
INFO: [IP_Flow 19-1686] Generating 'Simulation' target for IP 'instruction_memory'...
INFO: [IP_Flow 19-1686] Generating 'Change Log' target for IP 'instruction_memory'...
catch { config_ip_cache -export [get_ips -all instruction_memory] }
export_ip_user_files -of_objects [get_files C:/Users/holden.ca/Desktop/lab7/lab7.srcs/sources_1/ip/instruction_memory/instruction_memory.xci] -no_script -sync -force -quiet
reset_run instruction_memory_synth_1
WARNING: [Vivado 12-1017] Problems encountered:
1. Failed to delete one or more files in run directory C:/Users/holden.ca/Desktop/lab7/lab7.runs/instruction_memory_synth_1

launch_runs instruction_memory_synth_1 -jobs 8
[Tue Apr 11 19:47:24 2023] Launched instruction_memory_synth_1...
Run output will be captured here: C:/Users/holden.ca/Desktop/lab7/lab7.runs/instruction_memory_synth_1/runme.log
export_simulation -of_objects [get_files C:/Users/holden.ca/Desktop/lab7/lab7.srcs/sources_1/ip/instruction_memory/instruction_memory.xci] -directory C:/Users/holden.ca/Desktop/lab7/lab7.ip_user_files/sim_scripts -ip_user_files_dir C:/Users/holden.ca/Desktop/lab7/lab7.ip_user_files -ipstatic_source_dir C:/Users/holden.ca/Desktop/lab7/lab7.ip_user_files/ipstatic -lib_map_path [list {modelsim=C:/Users/holden.ca/Desktop/lab7/lab7.cache/compile_simlib/modelsim} {questa=C:/Users/holden.ca/Desktop/lab7/lab7.cache/compile_simlib/questa} {riviera=C:/Users/holden.ca/Desktop/lab7/lab7.cache/compile_simlib/riviera} {activehdl=C:/Users/holden.ca/Desktop/lab7/lab7.cache/compile_simlib/activehdl}] -use_ip_compiled_libs -force -quiet
reset_run synth_1
INFO: [Project 1-1161] Replacing file C:/Users/holden.ca/Desktop/lab7/lab7.srcs/utils_1/imports/synth_1/alu_instrmem_top.dcp with file C:/Users/holden.ca/Desktop/lab7/lab7.runs/synth_1/alu_instrmem_top.dcp
WARNING: [Vivado 12-1017] Problems encountered:
1. Failed to delete one or more files in run directory C:/Users/holden.ca/Desktop/lab7/lab7.runs/synth_1

launch_runs impl_1 -to_step write_bitstream -jobs 8
[Tue Apr 11 19:47:30 2023] Launched instruction_memory_synth_1, synth_1...
Run output will be captured here:
instruction_memory_synth_1: C:/Users/holden.ca/Desktop/lab7/lab7.runs/instruction_memory_synth_1/runme.log
synth_1: C:/Users/holden.ca/Desktop/lab7/lab7.runs/synth_1/runme.log
[Tue Apr 11 19:47:31 2023] Launched impl_1...
Run output will be captured here: C:/Users/holden.ca/Desktop/lab7/lab7.runs/impl_1/runme.log
set_property PROBES.FILE {C:/Users/holden.ca/Desktop/lab7/lab7.runs/impl_1/alu_instrmem_top.ltx} [get_hw_devices xc7z020_1]
set_property FULL_PROBES.FILE {C:/Users/holden.ca/Desktop/lab7/lab7.runs/impl_1/alu_instrmem_top.ltx} [get_hw_devices xc7z020_1]
set_property PROGRAM.FILE {C:/Users/holden.ca/Desktop/lab7/lab7.runs/impl_1/alu_instrmem_top.bit} [get_hw_devices xc7z020_1]
program_hw_devices [get_hw_devices xc7z020_1]
INFO: [Labtools 27-3164] End of startup status: HIGH
refresh_hw_device [lindex [get_hw_devices xc7z020_1] 0]
INFO: [Labtools 27-2302] Device xc7z020 (JTAG device index = 1) is programmed with a design that has 1 VIO core(s).
